Log file open, 04/12/20 02:14:24
LogWindows: Failed to load 'aqProf.dll' (GetLastError=126)
LogWindows: File 'aqProf.dll' does not exist
LogWindows: Failed to load 'VtuneApi.dll' (GetLastError=126)
LogWindows: File 'VtuneApi.dll' does not exist
LogWindows: Failed to load 'VtuneApi32e.dll' (GetLastError=126)
LogWindows: File 'VtuneApi32e.dll' does not exist
LogConsoleResponse: Display: Failed to find resolution value strings in scalability ini. Falling back to default.
LogInit: Display: Running engine for game: Homework4
LogPlatformFile: Not using cached read wrapper
LogTaskGraph: Started task graph with 5 named threads and 23 total threads with 3 sets of task threads.
LogStats: Stats thread started at 0.179870
LogD3D11RHI: Loaded GFSDK_Aftermath_Lib.x64.dll
LogICUInternationalization: ICU TimeZone Detection - Raw Offset: -5:00, Platform Override: ''
LogPluginManager: Mounting plugin Paper2D
LogPluginManager: Mounting plugin AISupport
LogPluginManager: Mounting plugin LightPropagationVolume
LogPluginManager: Mounting plugin ActorLayerUtilities
LogPluginManager: Mounting plugin AnimationSharing
LogPluginManager: Mounting plugin CLionSourceCodeAccess
LogPluginManager: Mounting plugin CodeLiteSourceCodeAccess
LogPluginManager: Mounting plugin GitSourceControl
LogPluginManager: Mounting plugin KDevelopSourceCodeAccess
LogPluginManager: Mounting plugin NullSourceCodeAccess
LogPluginManager: Mounting plugin PerforceSourceControl
LogPluginManager: Mounting plugin SubversionSourceControl
LogPluginManager: Mounting plugin UObjectPlugin
LogPluginManager: Mounting plugin VisualStudioCodeSourceCodeAccess
LogPluginManager: Mounting plugin VisualStudioSourceCodeAccess
LogPluginManager: Mounting plugin XCodeSourceCodeAccess
LogPluginManager: Mounting plugin AssetManagerEditor
LogPluginManager: Mounting plugin CryptoKeys
LogPluginManager: Mounting plugin CurveEditorTools
LogPluginManager: Mounting plugin DataValidation
LogPluginManager: Mounting plugin FacialAnimation
LogPluginManager: Mounting plugin GameplayTagsEditor
LogPluginManager: Mounting plugin MacGraphicsSwitching
LogPluginManager: Mounting plugin MaterialAnalyzer
LogPluginManager: Mounting plugin MobileLauncherProfileWizard
LogPluginManager: Mounting plugin PluginBrowser
LogPluginManager: Mounting plugin SpeedTreeImporter
LogPluginManager: Mounting plugin DatasmithContent
LogPluginManager: Mounting plugin VariantManagerContent
LogPluginManager: Mounting plugin AlembicImporter
LogPluginManager: Mounting plugin AutomationUtils
LogPluginManager: Mounting plugin BackChannel
LogPluginManager: Mounting plugin CharacterAI
LogPluginManager: Mounting plugin GeometryCache
LogPluginManager: Mounting plugin HTML5Networking
LogPluginManager: Mounting plugin PlatformCrypto
LogPluginManager: Mounting plugin ProxyLODPlugin
LogPluginManager: Mounting plugin SkeletalReduction
LogPluginManager: Mounting plugin MagicLeap
LogPluginManager: Mounting plugin MagicLeapMedia
LogPluginManager: Mounting plugin AndroidMedia
LogPluginManager: Mounting plugin AvfMedia
LogPluginManager: Mounting plugin ImgMedia
LogPluginManager: Mounting plugin MediaCompositing
LogPluginManager: Mounting plugin MediaPlayerEditor
LogPluginManager: Mounting plugin WebMMedia
LogPluginManager: Mounting plugin WmfMedia
LogPluginManager: Mounting plugin TcpMessaging
LogPluginManager: Mounting plugin UdpMessaging
LogPluginManager: Mounting plugin ActorSequence
LogPluginManager: Mounting plugin LevelSequenceEditor
LogPluginManager: Mounting plugin MatineeToLevelSequence
LogPluginManager: Mounting plugin NetcodeUnitTest
LogPluginManager: Mounting plugin NUTUnrealEngine4
LogPluginManager: Mounting plugin OnlineSubsystemGooglePlay
LogPluginManager: Mounting plugin OnlineSubsystemIOS
LogPluginManager: Mounting plugin OnlineSubsystem
LogPluginManager: Mounting plugin OnlineSubsystemNull
LogPluginManager: Mounting plugin OnlineSubsystemUtils
LogPluginManager: Mounting plugin LauncherChunkInstaller
LogPluginManager: Mounting plugin AndroidDeviceProfileSelector
LogPluginManager: Mounting plugin AndroidMoviePlayer
LogPluginManager: Mounting plugin AndroidPermission
LogPluginManager: Mounting plugin AppleImageUtils
LogPluginManager: Mounting plugin AppleMoviePlayer
LogPluginManager: Mounting plugin ArchVisCharacter
LogPluginManager: Mounting plugin AudioCapture
LogPluginManager: Mounting plugin CableComponent
LogPluginManager: Mounting plugin CustomMeshComponent
LogPluginManager: Mounting plugin EditableMesh
LogPluginManager: Mounting plugin ExampleDeviceProfileSelector
LogPluginManager: Mounting plugin GoogleCloudMessaging
LogPluginManager: Mounting plugin IOSDeviceProfileSelector
LogPluginManager: Mounting plugin LinuxDeviceProfileSelector
LogPluginManager: Mounting plugin LocationServicesBPLibrary
LogPluginManager: Mounting plugin MobilePatchingUtils
LogPluginManager: Mounting plugin OculusVR
LogPluginManager: Mounting plugin PhysXVehicles
LogPluginManager: Mounting plugin ProceduralMeshComponent
LogPluginManager: Mounting plugin RuntimePhysXCooking
LogPluginManager: Mounting plugin SignificanceManager
LogPluginManager: Mounting plugin SteamVR
LogPluginManager: Mounting plugin WebMMoviePlayer
LogPluginManager: Mounting plugin WindowsMoviePlayer
LogPluginManager: Mounting plugin ScreenshotTools
LogInit: Using libcurl 7.55.1-DEV
LogInit:  - built for x86_64-pc-win32
LogInit:  - supports SSL with OpenSSL/1.1.1
LogInit:  - supports HTTP deflate (compression) using libz 1.2.8
LogInit:  - other features:
LogInit:      CURL_VERSION_SSL
LogInit:      CURL_VERSION_LIBZ
LogInit:      CURL_VERSION_IPV6
LogInit:      CURL_VERSION_ASYNCHDNS
LogInit:      CURL_VERSION_LARGEFILE
LogInit:      CURL_VERSION_IDN
LogInit:  CurlRequestOptions (configurable via config and command line):
LogInit:  - bVerifyPeer = true  - Libcurl will verify peer certificate
LogInit:  - bUseHttpProxy = false  - Libcurl will NOT use HTTP proxy
LogInit:  - bDontReuseConnections = false  - Libcurl will reuse connections
LogInit:  - MaxHostConnections = 16  - Libcurl will limit the number of connections to a host
LogInit:  - LocalHostAddr = Default
LogInit:  - BufferSize = 65536
LogOnline: OSS: Creating online subsystem instance for: NULL
LogInit: WinSock: version 1.1 (2.2), MaxSocks=32767, MaxUdp=65467
LogInit: Build: ++UE4+Release-4.23-CL-9631420
LogInit: Engine Version: 4.23.1-9631420+++UE4+Release-4.23
LogInit: Compatible Engine Version: 4.23.0-8386587+++UE4+Release-4.23
LogInit: Net CL: 8386587
LogInit: OS: Windows 10 (Release 1809) (), CPU: AMD Ryzen 5 2500U with Radeon Vega Mobile Gfx  , GPU: AMD Radeon(TM) Vega 8 Graphics
LogInit: Compiled (64-bit): Oct 18 2019 02:07:44
LogInit: Compiled with Visual C++: 19.16.27030.01
LogInit: Build Configuration: Development
LogInit: Branch Name: ++UE4+Release-4.23
LogInit: Command Line: 
LogInit: Base Directory: C:/Program Files/Epic Games/UE_4.23/Engine/Binaries/Win64/
LogInit: Installed Engine Build: 1
LogDevObjectVersion: Number of dev versions registered: 23
LogDevObjectVersion:   Dev-Blueprints (B0D832E4-1F89-4F0D-ACCF-7EB736FD4AA2): 10
LogDevObjectVersion:   Dev-Build (E1C64328-A22C-4D53-A36C-8E866417BD8C): 0
LogDevObjectVersion:   Dev-Core (375EC13C-06E4-48FB-B500-84F0262A717E): 3
LogDevObjectVersion:   Dev-Editor (E4B068ED-F494-42E9-A231-DA0B2E46BB41): 34
LogDevObjectVersion:   Dev-Framework (CFFC743F-43B0-4480-9391-14DF171D2073): 35
LogDevObjectVersion:   Dev-Mobile (B02B49B5-BB20-44E9-A304-32B752E40360): 2
LogDevObjectVersion:   Dev-Networking (A4E4105C-59A1-49B5-A7C5-40C4547EDFEE): 0
LogDevObjectVersion:   Dev-Online (39C831C9-5AE6-47DC-9A44-9C173E1C8E7C): 0
LogDevObjectVersion:   Dev-Physics (78F01B33-EBEA-4F98-B9B4-84EACCB95AA2): 0
LogDevObjectVersion:   Dev-Platform (6631380F-2D4D-43E0-8009-CF276956A95A): 0
LogDevObjectVersion:   Dev-Rendering (12F88B9F-8875-4AFC-A67C-D90C383ABD29): 31
LogDevObjectVersion:   Dev-Sequencer (7B5AE74C-D270-4C10-A958-57980B212A5A): 11
LogDevObjectVersion:   Dev-VR (D7296918-1DD6-4BDD-9DE2-64A83CC13884): 2
LogDevObjectVersion:   Dev-LoadTimes (C2A15278-BFE7-4AFE-6C17-90FF531DF755): 1
LogDevObjectVersion:   Private-Geometry (6EACA3D4-40EC-4CC1-B786-8BED09428FC5): 3
LogDevObjectVersion:   Dev-AnimPhys (29E575DD-E0A3-4627-9D10-D276232CDCEA): 17
LogDevObjectVersion:   Dev-Anim (AF43A65D-7FD3-4947-9873-3E8ED9C1BB05): 2
LogDevObjectVersion:   Dev-ReflectionCapture (6B266CEC-1EC7-4B8F-A30B-E4D90942FC07): 1
LogDevObjectVersion:   Dev-Automation (0DF73D61-A23F-47EA-B727-89E90C41499A): 1
LogDevObjectVersion:   FortniteMain (601D1886-AC64-4F84-AA16-D3DE0DEAC7D6): 27
LogDevObjectVersion:   Dev-Enterprise (9DFFBCD6-494F-0158-E221-12823C92A888): 6
LogDevObjectVersion:   Dev-Niagara (F2AED0AC-9AFE-416F-8664-AA7FFA26D6FC): 1
LogDevObjectVersion:   Dev-Destruction (174F1F0B-B4C6-45A5-B13F-2EE8D0FB917D): 9
LogInit: Presizing for max 16777216 objects, including 0 objects not considered by GC, pre-allocating 0 bytes for permanent pool.
LogInit: Object subsystem initialized
LogConfig: Setting CVar [[con.DebugEarlyDefault:1]]
LogConfig: Setting CVar [[r.setres:1280x720]]
[2020.04.12-06.14.25:925][  0]LogConfig: Setting CVar [[r.VSync:0]]
[2020.04.12-06.14.25:925][  0]LogConfig: Setting CVar [[r.RHICmdBypass:0]]
[2020.04.12-06.14.25:925][  0]LogConfig: Applying CVar settings from Section [/Script/Engine.RendererSettings] File [C:/Users/Gabe/Desktop/Unreal Demos/Homework4/Saved/Config/Windows/Engine.ini]
[2020.04.12-06.14.25:925][  0]LogConfig: Setting CVar [[r.GPUCrashDebugging:0]]
[2020.04.12-06.14.25:925][  0]LogConfig: Applying CVar settings from Section [/Script/Engine.RendererOverrideSettings] File [C:/Users/Gabe/Desktop/Unreal Demos/Homework4/Saved/Config/Windows/Engine.ini]
[2020.04.12-06.14.25:925][  0]LogConfig: Applying CVar settings from Section [/Script/Engine.StreamingSettings] File [C:/Users/Gabe/Desktop/Unreal Demos/Homework4/Saved/Config/Windows/Engine.ini]
[2020.04.12-06.14.25:925][  0]LogConfig: Setting CVar [[s.MinBulkDataSizeForAsyncLoading:131072]]
[2020.04.12-06.14.25:925][  0]LogConfig: Setting CVar [[s.AsyncLoadingThreadEnabled:0]]
[2020.04.12-06.14.25:925][  0]LogConfig: Setting CVar [[s.EventDrivenLoaderEnabled:1]]
[2020.04.12-06.14.25:925][  0]LogConfig: Setting CVar [[s.WarnIfTimeLimitExceeded:0]]
[2020.04.12-06.14.25:925][  0]LogConfig: Setting CVar [[s.TimeLimitExceededMultiplier:1.5]]
[2020.04.12-06.14.25:925][  0]LogConfig: Setting CVar [[s.TimeLimitExceededMinTime:0.005]]
[2020.04.12-06.14.25:925][  0]LogConfig: Setting CVar [[s.UseBackgroundLevelStreaming:1]]
[2020.04.12-06.14.25:925][  0]LogConfig: Setting CVar [[s.PriorityAsyncLoadingExtraTime:15.0]]
[2020.04.12-06.14.25:925][  0]LogConfig: Setting CVar [[s.LevelStreamingActorsUpdateTimeLimit:5.0]]
[2020.04.12-06.14.25:925][  0]LogConfig: Setting CVar [[s.PriorityLevelStreamingActorsUpdateExtraTime:5.0]]
[2020.04.12-06.14.25:925][  0]LogConfig: Setting CVar [[s.LevelStreamingComponentsRegistrationGranularity:10]]
[2020.04.12-06.14.25:925][  0]LogConfig: Setting CVar [[s.UnregisterComponentsTimeLimit:1.0]]
[2020.04.12-06.14.25:925][  0]LogConfig: Setting CVar [[s.LevelStreamingComponentsUnregistrationGranularity:5]]
[2020.04.12-06.14.25:925][  0]LogConfig: Applying CVar settings from Section [/Script/Engine.GarbageCollectionSettings] File [C:/Users/Gabe/Desktop/Unreal Demos/Homework4/Saved/Config/Windows/Engine.ini]
[2020.04.12-06.14.25:925][  0]LogConfig: Setting CVar [[gc.MaxObjectsNotConsideredByGC:1]]
[2020.04.12-06.14.25:925][  0]LogConfig: Setting CVar [[gc.SizeOfPermanentObjectPool:0]]
[2020.04.12-06.14.25:925][  0]LogConfig: Setting CVar [[gc.FlushStreamingOnGC:0]]
[2020.04.12-06.14.25:925][  0]LogConfig: Setting CVar [[gc.NumRetriesBeforeForcingGC:10]]
[2020.04.12-06.14.25:925][  0]LogConfig: Setting CVar [[gc.AllowParallelGC:1]]
[2020.04.12-06.14.25:925][  0]LogConfig: Setting CVar [[gc.TimeBetweenPurgingPendingKillObjects:61.1]]
[2020.04.12-06.14.25:925][  0]LogConfig: Setting CVar [[gc.MaxObjectsInEditor:16777216]]
[2020.04.12-06.14.25:925][  0]LogConfig: Setting CVar [[gc.IncrementalBeginDestroyEnabled:1]]
[2020.04.12-06.14.25:925][  0]LogConfig: Setting CVar [[gc.CreateGCClusters:1]]
[2020.04.12-06.14.25:925][  0]LogConfig: Setting CVar [[gc.MinGCClusterSize:5]]
[2020.04.12-06.14.25:925][  0]LogConfig: Setting CVar [[gc.ActorClusteringEnabled:0]]
[2020.04.12-06.14.25:925][  0]LogConfig: Setting CVar [[gc.BlueprintClusteringEnabled:0]]
[2020.04.12-06.14.25:926][  0]LogConfig: Setting CVar [[gc.UseDisregardForGCOnDedicatedServers:0]]
[2020.04.12-06.14.25:926][  0]LogConfig: Applying CVar settings from Section [/Script/Engine.NetworkSettings] File [C:/Users/Gabe/Desktop/Unreal Demos/Homework4/Saved/Config/Windows/Engine.ini]
[2020.04.12-06.14.25:926][  0]LogConfig: Applying CVar settings from Section [/Script/UnrealEd.CookerSettings] File [C:/Users/Gabe/Desktop/Unreal Demos/Homework4/Saved/Config/Windows/Engine.ini]
[2020.04.12-06.14.25:931][  0]LogConfig: Applying CVar settings from Section [ViewDistanceQuality@3] File [C:/Users/Gabe/Desktop/Unreal Demos/Homework4/Saved/Config/Windows/Scalability.ini]
[2020.04.12-06.14.25:931][  0]LogConfig: Setting CVar [[r.SkeletalMeshLODBias:0]]
[2020.04.12-06.14.25:931][  0]LogConfig: Setting CVar [[r.ViewDistanceScale:1.0]]
[2020.04.12-06.14.25:931][  0]LogConfig: Applying CVar settings from Section [AntiAliasingQuality@3] File [C:/Users/Gabe/Desktop/Unreal Demos/Homework4/Saved/Config/Windows/Scalability.ini]
[2020.04.12-06.14.25:931][  0]LogConfig: Setting CVar [[r.PostProcessAAQuality:4]]
[2020.04.12-06.14.25:931][  0]LogConfig: Applying CVar settings from Section [ShadowQuality@3] File [C:/Users/Gabe/Desktop/Unreal Demos/Homework4/Saved/Config/Windows/Scalability.ini]
[2020.04.12-06.14.25:931][  0]LogConfig: Setting CVar [[r.LightFunctionQuality:1]]
[2020.04.12-06.14.25:931][  0]LogConfig: Setting CVar [[r.ShadowQuality:5]]
[2020.04.12-06.14.25:931][  0]LogConfig: Setting CVar [[r.Shadow.CSM.MaxCascades:10]]
[2020.04.12-06.14.25:931][  0]LogConfig: Setting CVar [[r.Shadow.MaxResolution:2048]]
[2020.04.12-06.14.25:931][  0]LogConfig: Setting CVar [[r.Shadow.MaxCSMResolution:2048]]
[2020.04.12-06.14.25:931][  0]LogConfig: Setting CVar [[r.Shadow.RadiusThreshold:0.01]]
[2020.04.12-06.14.25:931][  0]LogConfig: Setting CVar [[r.Shadow.DistanceScale:1.0]]
[2020.04.12-06.14.25:931][  0]LogConfig: Setting CVar [[r.Shadow.CSM.TransitionScale:1.0]]
[2020.04.12-06.14.25:931][  0]LogConfig: Setting CVar [[r.Shadow.PreShadowResolutionFactor:1.0]]
[2020.04.12-06.14.25:931][  0]LogConfig: Setting CVar [[r.DistanceFieldShadowing:1]]
[2020.04.12-06.14.25:931][  0]LogConfig: Setting CVar [[r.DistanceFieldAO:1]]
[2020.04.12-06.14.25:931][  0]LogConfig: Setting CVar [[r.AOQuality:2]]
[2020.04.12-06.14.25:931][  0]LogConfig: Setting CVar [[r.VolumetricFog:1]]
[2020.04.12-06.14.25:931][  0]LogConfig: Setting CVar [[r.VolumetricFog.GridPixelSize:8]]
[2020.04.12-06.14.25:931][  0]LogConfig: Setting CVar [[r.VolumetricFog.GridSizeZ:128]]
[2020.04.12-06.14.25:931][  0]LogConfig: Setting CVar [[r.VolumetricFog.HistoryMissSupersampleCount:4]]
[2020.04.12-06.14.25:931][  0]LogConfig: Setting CVar [[r.LightMaxDrawDistanceScale:1]]
[2020.04.12-06.14.25:931][  0]LogConfig: Setting CVar [[r.CapsuleShadows:1]]
[2020.04.12-06.14.25:931][  0]LogConfig: Applying CVar settings from Section [PostProcessQuality@3] File [C:/Users/Gabe/Desktop/Unreal Demos/Homework4/Saved/Config/Windows/Scalability.ini]
[2020.04.12-06.14.25:931][  0]LogConfig: Setting CVar [[r.MotionBlurQuality:4]]
[2020.04.12-06.14.25:931][  0]LogConfig: Setting CVar [[r.AmbientOcclusionMipLevelFactor:0.4]]
[2020.04.12-06.14.25:931][  0]LogConfig: Setting CVar [[r.AmbientOcclusionMaxQuality:100]]
[2020.04.12-06.14.25:931][  0]LogConfig: Setting CVar [[r.AmbientOcclusionLevels:-1]]
[2020.04.12-06.14.25:932][  0]LogConfig: Setting CVar [[r.AmbientOcclusionRadiusScale:1.0]]
[2020.04.12-06.14.25:932][  0]LogConfig: Setting CVar [[r.DepthOfFieldQuality:2]]
[2020.04.12-06.14.25:932][  0]LogConfig: Setting CVar [[r.RenderTargetPoolMin:400]]
[2020.04.12-06.14.25:932][  0]LogConfig: Setting CVar [[r.LensFlareQuality:2]]
[2020.04.12-06.14.25:932][  0]LogConfig: Setting CVar [[r.SceneColorFringeQuality:1]]
[2020.04.12-06.14.25:932][  0]LogConfig: Setting CVar [[r.EyeAdaptationQuality:2]]
[2020.04.12-06.14.25:932][  0]LogConfig: Setting CVar [[r.BloomQuality:5]]
[2020.04.12-06.14.25:932][  0]LogConfig: Setting CVar [[r.FastBlurThreshold:100]]
[2020.04.12-06.14.25:932][  0]LogConfig: Setting CVar [[r.Upscale.Quality:3]]
[2020.04.12-06.14.25:932][  0]LogConfig: Setting CVar [[r.Tonemapper.GrainQuantization:1]]
[2020.04.12-06.14.25:932][  0]LogConfig: Setting CVar [[r.LightShaftQuality:1]]
[2020.04.12-06.14.25:932][  0]LogConfig: Setting CVar [[r.Filter.SizeScale:1]]
[2020.04.12-06.14.25:932][  0]LogConfig: Setting CVar [[r.Tonemapper.Quality:5]]
[2020.04.12-06.14.25:932][  0]LogConfig: Setting CVar [[r.DOF.Gather.AccumulatorQuality:1        ; higher gathering accumulator quality]]
[2020.04.12-06.14.25:932][  0]LogConfig: Setting CVar [[r.DOF.Gather.PostfilterMethod:1          ; Median3x3 postfilering method]]
[2020.04.12-06.14.25:932][  0]LogConfig: Setting CVar [[r.DOF.Gather.EnableBokehSettings:0       ; no bokeh simulation when gathering]]
[2020.04.12-06.14.25:932][  0]LogConfig: Setting CVar [[r.DOF.Gather.RingCount:4                 ; medium number of samples when gathering]]
[2020.04.12-06.14.25:932][  0]LogConfig: Setting CVar [[r.DOF.Scatter.ForegroundCompositing:1    ; additive foreground scattering]]
[2020.04.12-06.14.25:932][  0]LogConfig: Setting CVar [[r.DOF.Scatter.BackgroundCompositing:2    ; additive background scattering]]
[2020.04.12-06.14.25:932][  0]LogConfig: Setting CVar [[r.DOF.Scatter.EnableBokehSettings:1      ; bokeh simulation when scattering]]
[2020.04.12-06.14.25:932][  0]LogConfig: Setting CVar [[r.DOF.Scatter.MaxSpriteRatio:0.1         ; only a maximum of 10% of scattered bokeh]]
[2020.04.12-06.14.25:932][  0]LogConfig: Setting CVar [[r.DOF.Recombine.Quality:1                ; cheap slight out of focus]]
[2020.04.12-06.14.25:932][  0]LogConfig: Setting CVar [[r.DOF.Recombine.EnableBokehSettings:0    ; no bokeh simulation on slight out of focus]]
[2020.04.12-06.14.25:932][  0]LogConfig: Setting CVar [[r.DOF.TemporalAAQuality:1                ; more stable temporal accumulation]]
[2020.04.12-06.14.25:932][  0]LogConfig: Setting CVar [[r.DOF.Kernel.MaxForegroundRadius:0.025]]
[2020.04.12-06.14.25:932][  0]LogConfig: Setting CVar [[r.DOF.Kernel.MaxBackgroundRadius:0.025]]
[2020.04.12-06.14.25:932][  0]LogConfig: Applying CVar settings from Section [TextureQuality@3] File [C:/Users/Gabe/Desktop/Unreal Demos/Homework4/Saved/Config/Windows/Scalability.ini]
[2020.04.12-06.14.25:932][  0]LogConfig: Setting CVar [[r.Streaming.MipBias:0]]
[2020.04.12-06.14.25:932][  0]LogConfig: Setting CVar [[r.Streaming.AmortizeCPUToGPUCopy:0]]
[2020.04.12-06.14.25:932][  0]LogConfig: Setting CVar [[r.Streaming.MaxNumTexturesToStreamPerFrame:0]]
[2020.04.12-06.14.25:932][  0]LogConfig: Setting CVar [[r.Streaming.Boost:1]]
[2020.04.12-06.14.25:932][  0]LogConfig: Setting CVar [[r.MaxAnisotropy:8]]
[2020.04.12-06.14.25:932][  0]LogConfig: Setting CVar [[r.Streaming.LimitPoolSizeToVRAM:0]]
[2020.04.12-06.14.25:932][  0]LogConfig: Setting CVar [[r.Streaming.PoolSize:1000]]
[2020.04.12-06.14.25:932][  0]LogConfig: Setting CVar [[r.Streaming.MaxEffectiveScreenSize:0]]
[2020.04.12-06.14.25:932][  0]LogConfig: Applying CVar settings from Section [EffectsQuality@3] File [C:/Users/Gabe/Desktop/Unreal Demos/Homework4/Saved/Config/Windows/Scalability.ini]
[2020.04.12-06.14.25:932][  0]LogConfig: Setting CVar [[r.TranslucencyLightingVolumeDim:64]]
[2020.04.12-06.14.25:932][  0]LogConfig: Setting CVar [[r.RefractionQuality:2]]
[2020.04.12-06.14.25:932][  0]LogConfig: Setting CVar [[r.SSR.Quality:3]]
[2020.04.12-06.14.25:933][  0]LogConfig: Setting CVar [[r.SceneColorFormat:4]]
[2020.04.12-06.14.25:933][  0]LogConfig: Setting CVar [[r.DetailMode:2]]
[2020.04.12-06.14.25:933][  0]LogConfig: Setting CVar [[r.TranslucencyVolumeBlur:1]]
[2020.04.12-06.14.25:933][  0]LogConfig: Setting CVar [[r.MaterialQualityLevel:1 ; High quality]]
[2020.04.12-06.14.25:933][  0]LogConfig: Setting CVar [[r.SSS.Scale:1]]
[2020.04.12-06.14.25:933][  0]LogConfig: Setting CVar [[r.SSS.SampleSet:2]]
[2020.04.12-06.14.25:933][  0]LogConfig: Setting CVar [[r.SSS.Quality:1]]
[2020.04.12-06.14.25:933][  0]LogConfig: Setting CVar [[r.SSS.HalfRes:1]]
[2020.04.12-06.14.25:933][  0]LogConfig: Setting CVar [[r.EmitterSpawnRateScale:1.0]]
[2020.04.12-06.14.25:933][  0]LogConfig: Setting CVar [[r.ParticleLightQuality:2]]
[2020.04.12-06.14.25:933][  0]LogConfig: Applying CVar settings from Section [FoliageQuality@3] File [C:/Users/Gabe/Desktop/Unreal Demos/Homework4/Saved/Config/Windows/Scalability.ini]
[2020.04.12-06.14.25:933][  0]LogConfig: Setting CVar [[foliage.DensityScale:1.0]]
[2020.04.12-06.14.25:933][  0]LogConfig: Setting CVar [[grass.DensityScale:1.0]]
[2020.04.12-06.14.25:933][  0]LogInit: Selected Device Profile: [Windows]
[2020.04.12-06.14.25:933][  0]LogInit: Applying CVar settings loaded from the selected device profile: [Windows]
[2020.04.12-06.14.25:971][  0]LogHAL: Display: Platform has ~ 8 GB [8208543744 / 8589934592 / 8], which maps to Default [LargestMinGB=32, LargerMinGB=12, DefaultMinGB=8, SmallerMinGB=6, SmallestMinGB=0)
[2020.04.12-06.14.25:971][  0]LogInit: Going up to parent DeviceProfile []
[2020.04.12-06.14.25:971][  0]LogConfig: Applying CVar settings from Section [ViewDistanceQuality@3] File [C:/Users/Gabe/Desktop/Unreal Demos/Homework4/Saved/Config/Windows/Scalability.ini]
[2020.04.12-06.14.25:971][  0]LogConfig: Setting CVar [[r.SkeletalMeshLODBias:0]]
[2020.04.12-06.14.25:971][  0]LogConfig: Setting CVar [[r.ViewDistanceScale:1.0]]
[2020.04.12-06.14.25:971][  0]LogConfig: Applying CVar settings from Section [AntiAliasingQuality@3] File [C:/Users/Gabe/Desktop/Unreal Demos/Homework4/Saved/Config/Windows/Scalability.ini]
[2020.04.12-06.14.25:971][  0]LogConfig: Setting CVar [[r.PostProcessAAQuality:4]]
[2020.04.12-06.14.25:971][  0]LogConfig: Applying CVar settings from Section [ShadowQuality@3] File [C:/Users/Gabe/Desktop/Unreal Demos/Homework4/Saved/Config/Windows/Scalability.ini]
[2020.04.12-06.14.25:971][  0]LogConfig: Setting CVar [[r.LightFunctionQuality:1]]
[2020.04.12-06.14.25:971][  0]LogConfig: Setting CVar [[r.ShadowQuality:5]]
[2020.04.12-06.14.25:971][  0]LogConfig: Setting CVar [[r.Shadow.CSM.MaxCascades:10]]
[2020.04.12-06.14.25:971][  0]LogConfig: Setting CVar [[r.Shadow.MaxResolution:2048]]
[2020.04.12-06.14.25:971][  0]LogConfig: Setting CVar [[r.Shadow.MaxCSMResolution:2048]]
[2020.04.12-06.14.25:971][  0]LogConfig: Setting CVar [[r.Shadow.RadiusThreshold:0.01]]
[2020.04.12-06.14.25:971][  0]LogConfig: Setting CVar [[r.Shadow.DistanceScale:1.0]]
[2020.04.12-06.14.25:971][  0]LogConfig: Setting CVar [[r.Shadow.CSM.TransitionScale:1.0]]
[2020.04.12-06.14.25:971][  0]LogConfig: Setting CVar [[r.Shadow.PreShadowResolutionFactor:1.0]]
[2020.04.12-06.14.25:971][  0]LogConfig: Setting CVar [[r.DistanceFieldShadowing:1]]
[2020.04.12-06.14.25:971][  0]LogConfig: Setting CVar [[r.DistanceFieldAO:1]]
[2020.04.12-06.14.25:971][  0]LogConfig: Setting CVar [[r.AOQuality:2]]
[2020.04.12-06.14.25:971][  0]LogConfig: Setting CVar [[r.VolumetricFog:1]]
[2020.04.12-06.14.25:971][  0]LogConfig: Setting CVar [[r.VolumetricFog.GridPixelSize:8]]
[2020.04.12-06.14.25:971][  0]LogConfig: Setting CVar [[r.VolumetricFog.GridSizeZ:128]]
[2020.04.12-06.14.25:971][  0]LogConfig: Setting CVar [[r.VolumetricFog.HistoryMissSupersampleCount:4]]
[2020.04.12-06.14.25:972][  0]LogConfig: Setting CVar [[r.LightMaxDrawDistanceScale:1]]
[2020.04.12-06.14.25:972][  0]LogConfig: Setting CVar [[r.CapsuleShadows:1]]
[2020.04.12-06.14.25:972][  0]LogConfig: Applying CVar settings from Section [PostProcessQuality@3] File [C:/Users/Gabe/Desktop/Unreal Demos/Homework4/Saved/Config/Windows/Scalability.ini]
[2020.04.12-06.14.25:972][  0]LogConfig: Setting CVar [[r.MotionBlurQuality:4]]
[2020.04.12-06.14.25:972][  0]LogConfig: Setting CVar [[r.AmbientOcclusionMipLevelFactor:0.4]]
[2020.04.12-06.14.25:972][  0]LogConfig: Setting CVar [[r.AmbientOcclusionMaxQuality:100]]
[2020.04.12-06.14.25:972][  0]LogConfig: Setting CVar [[r.AmbientOcclusionLevels:-1]]
[2020.04.12-06.14.25:972][  0]LogConfig: Setting CVar [[r.AmbientOcclusionRadiusScale:1.0]]
[2020.04.12-06.14.25:972][  0]LogConfig: Setting CVar [[r.DepthOfFieldQuality:2]]
[2020.04.12-06.14.25:972][  0]LogConfig: Setting CVar [[r.RenderTargetPoolMin:400]]
[2020.04.12-06.14.25:972][  0]LogConfig: Setting CVar [[r.LensFlareQuality:2]]
[2020.04.12-06.14.25:972][  0]LogConfig: Setting CVar [[r.SceneColorFringeQuality:1]]
[2020.04.12-06.14.25:972][  0]LogConfig: Setting CVar [[r.EyeAdaptationQuality:2]]
[2020.04.12-06.14.25:972][  0]LogConfig: Setting CVar [[r.BloomQuality:5]]
[2020.04.12-06.14.25:972][  0]LogConfig: Setting CVar [[r.FastBlurThreshold:100]]
[2020.04.12-06.14.25:972][  0]LogConfig: Setting CVar [[r.Upscale.Quality:3]]
[2020.04.12-06.14.25:972][  0]LogConfig: Setting CVar [[r.Tonemapper.GrainQuantization:1]]
[2020.04.12-06.14.25:972][  0]LogConfig: Setting CVar [[r.LightShaftQuality:1]]
[2020.04.12-06.14.25:972][  0]LogConfig: Setting CVar [[r.Filter.SizeScale:1]]
[2020.04.12-06.14.25:972][  0]LogConfig: Setting CVar [[r.Tonemapper.Quality:5]]
[2020.04.12-06.14.25:972][  0]LogConfig: Setting CVar [[r.DOF.Gather.AccumulatorQuality:1        ; higher gathering accumulator quality]]
[2020.04.12-06.14.25:972][  0]LogConfig: Setting CVar [[r.DOF.Gather.PostfilterMethod:1          ; Median3x3 postfilering method]]
[2020.04.12-06.14.25:972][  0]LogConfig: Setting CVar [[r.DOF.Gather.EnableBokehSettings:0       ; no bokeh simulation when gathering]]
[2020.04.12-06.14.25:972][  0]LogConfig: Setting CVar [[r.DOF.Gather.RingCount:4                 ; medium number of samples when gathering]]
[2020.04.12-06.14.25:972][  0]LogConfig: Setting CVar [[r.DOF.Scatter.ForegroundCompositing:1    ; additive foreground scattering]]
[2020.04.12-06.14.25:972][  0]LogConfig: Setting CVar [[r.DOF.Scatter.BackgroundCompositing:2    ; additive background scattering]]
[2020.04.12-06.14.25:972][  0]LogConfig: Setting CVar [[r.DOF.Scatter.EnableBokehSettings:1      ; bokeh simulation when scattering]]
[2020.04.12-06.14.25:972][  0]LogConfig: Setting CVar [[r.DOF.Scatter.MaxSpriteRatio:0.1         ; only a maximum of 10% of scattered bokeh]]
[2020.04.12-06.14.25:972][  0]LogConfig: Setting CVar [[r.DOF.Recombine.Quality:1                ; cheap slight out of focus]]
[2020.04.12-06.14.25:972][  0]LogConfig: Setting CVar [[r.DOF.Recombine.EnableBokehSettings:0    ; no bokeh simulation on slight out of focus]]
[2020.04.12-06.14.25:972][  0]LogConfig: Setting CVar [[r.DOF.TemporalAAQuality:1                ; more stable temporal accumulation]]
[2020.04.12-06.14.25:972][  0]LogConfig: Setting CVar [[r.DOF.Kernel.MaxForegroundRadius:0.025]]
[2020.04.12-06.14.25:973][  0]LogConfig: Setting CVar [[r.DOF.Kernel.MaxBackgroundRadius:0.025]]
[2020.04.12-06.14.25:973][  0]LogConfig: Applying CVar settings from Section [TextureQuality@3] File [C:/Users/Gabe/Desktop/Unreal Demos/Homework4/Saved/Config/Windows/Scalability.ini]
[2020.04.12-06.14.25:973][  0]LogConfig: Setting CVar [[r.Streaming.MipBias:0]]
[2020.04.12-06.14.25:973][  0]LogConfig: Setting CVar [[r.Streaming.AmortizeCPUToGPUCopy:0]]
[2020.04.12-06.14.25:973][  0]LogConfig: Setting CVar [[r.Streaming.MaxNumTexturesToStreamPerFrame:0]]
[2020.04.12-06.14.25:973][  0]LogConfig: Setting CVar [[r.Streaming.Boost:1]]
[2020.04.12-06.14.25:973][  0]LogConfig: Setting CVar [[r.MaxAnisotropy:8]]
[2020.04.12-06.14.25:973][  0]LogConfig: Setting CVar [[r.Streaming.LimitPoolSizeToVRAM:0]]
[2020.04.12-06.14.25:973][  0]LogConfig: Setting CVar [[r.Streaming.PoolSize:1000]]
[2020.04.12-06.14.25:973][  0]LogConfig: Setting CVar [[r.Streaming.MaxEffectiveScreenSize:0]]
[2020.04.12-06.14.25:973][  0]LogConfig: Applying CVar settings from Section [EffectsQuality@3] File [C:/Users/Gabe/Desktop/Unreal Demos/Homework4/Saved/Config/Windows/Scalability.ini]
[2020.04.12-06.14.25:973][  0]LogConfig: Setting CVar [[r.TranslucencyLightingVolumeDim:64]]
[2020.04.12-06.14.25:973][  0]LogConfig: Setting CVar [[r.RefractionQuality:2]]
[2020.04.12-06.14.25:973][  0]LogConfig: Setting CVar [[r.SSR.Quality:3]]
[2020.04.12-06.14.25:973][  0]LogConfig: Setting CVar [[r.SceneColorFormat:4]]
[2020.04.12-06.14.25:973][  0]LogConfig: Setting CVar [[r.DetailMode:2]]
[2020.04.12-06.14.25:973][  0]LogConfig: Setting CVar [[r.TranslucencyVolumeBlur:1]]
[2020.04.12-06.14.25:973][  0]LogConfig: Setting CVar [[r.MaterialQualityLevel:1 ; High quality]]
[2020.04.12-06.14.25:973][  0]LogConfig: Setting CVar [[r.SSS.Scale:1]]
[2020.04.12-06.14.25:973][  0]LogConfig: Setting CVar [[r.SSS.SampleSet:2]]
[2020.04.12-06.14.25:973][  0]LogConfig: Setting CVar [[r.SSS.Quality:1]]
[2020.04.12-06.14.25:973][  0]LogConfig: Setting CVar [[r.SSS.HalfRes:1]]
[2020.04.12-06.14.25:973][  0]LogConfig: Setting CVar [[r.EmitterSpawnRateScale:1.0]]
[2020.04.12-06.14.25:973][  0]LogConfig: Setting CVar [[r.ParticleLightQuality:2]]
[2020.04.12-06.14.25:974][  0]LogConfig: Applying CVar settings from Section [FoliageQuality@3] File [C:/Users/Gabe/Desktop/Unreal Demos/Homework4/Saved/Config/Windows/Scalability.ini]
[2020.04.12-06.14.25:974][  0]LogConfig: Setting CVar [[foliage.DensityScale:1.0]]
[2020.04.12-06.14.25:974][  0]LogConfig: Setting CVar [[grass.DensityScale:1.0]]
[2020.04.12-06.14.25:974][  0]LogConfig: Applying CVar settings from Section [Startup] File [../../../Engine/Config/ConsoleVariables.ini]
[2020.04.12-06.14.25:987][  0]LogConfig: Setting CVar [[net.UseAdaptiveNetUpdateFrequency:0]]
[2020.04.12-06.14.25:987][  0]LogConfig: Setting CVar [[p.chaos.AllowCreatePhysxBodies:1]]
[2020.04.12-06.14.25:987][  0]LogConfig: Applying CVar settings from Section [ConsoleVariables] File [C:/Users/Gabe/Desktop/Unreal Demos/Homework4/Saved/Config/Windows/Engine.ini]
[2020.04.12-06.14.25:988][  0]LogInit: Computer: DESKTOP-7KB2DBE
[2020.04.12-06.14.25:988][  0]LogInit: User: Gabe
[2020.04.12-06.14.25:988][  0]LogInit: CPU Page size=4096, Cores=4
[2020.04.12-06.14.25:988][  0]LogInit: High frequency timer resolution =10.000000 MHz
[2020.04.12-06.14.25:988][  0]LogMemory: Memory total: Physical=7.6GB (8GB approx)
[2020.04.12-06.14.25:988][  0]LogMemory: Platform Memory Stats for Windows
[2020.04.12-06.14.25:988][  0]LogMemory: Process Physical Memory: 100.86 MB used, 100.87 MB peak
[2020.04.12-06.14.25:988][  0]LogMemory: Process Virtual Memory: 100.97 MB used, 100.97 MB peak
[2020.04.12-06.14.25:988][  0]LogMemory: Physical Memory: 5814.47 MB used,  2013.81 MB free, 7828.28 MB total
[2020.04.12-06.14.25:988][  0]LogMemory: Virtual Memory: 4682.96 MB used,  134213048.00 MB free, 134217728.00 MB total
[2020.04.12-06.14.25:994][  0]LogWindows: WindowsPlatformFeatures enabled
[2020.04.12-06.14.26:051][  0]LogInit: Using OS detected language (en-US).
[2020.04.12-06.14.26:051][  0]LogInit: Using OS detected locale (en-US).
[2020.04.12-06.14.26:053][  0]LogTextLocalizationManager: No specific localization for 'en-US' exists, so the 'en' localization will be used.
[2020.04.12-06.14.26:486][  0]LogInit: Setting process to per monitor DPI aware
[2020.04.12-06.14.26:677][  0]LogSlate: New Slate User Created.  User Index 0, Is Virtual User: 0
[2020.04.12-06.14.26:678][  0]LogSlate: Slate User Registered.  User Index 0, Is Virtual User: 0
[2020.04.12-06.14.31:181][  0]LogHMD: Failed to initialize OpenVR with code 110
[2020.04.12-06.14.31:181][  0]LogD3D11RHI: D3D11 adapters:
[2020.04.12-06.14.31:251][  0]LogD3D11RHI:    0. 'AMD Radeon(TM) Vega 8 Graphics' (Feature Level 11_0)
[2020.04.12-06.14.31:251][  0]LogD3D11RHI:       240/0/3914 MB DedicatedVideo/DedicatedSystem/SharedSystem, Outputs:1, VendorId:0x1002
[2020.04.12-06.14.31:255][  0]LogD3D11RHI:    1. 'Microsoft Basic Render Driver' (Feature Level 11_0)
[2020.04.12-06.14.31:255][  0]LogD3D11RHI:       0/0/3914 MB DedicatedVideo/DedicatedSystem/SharedSystem, Outputs:0, VendorId:0x1414
[2020.04.12-06.14.31:255][  0]LogD3D11RHI: Chosen D3D11 Adapter: 0
[2020.04.12-06.14.31:267][  0]LogD3D11RHI: Creating new Direct3DDevice
[2020.04.12-06.14.31:267][  0]LogD3D11RHI:     GPU DeviceId: 0x15dd (for the marketing name, search the web for "GPU Device Id")
[2020.04.12-06.14.31:267][  0]LogWindows: EnumDisplayDevices:
[2020.04.12-06.14.31:267][  0]LogWindows:    0. 'AMD Radeon(TM) Vega 8 Graphics' (P:1 D:1)
[2020.04.12-06.14.31:268][  0]LogWindows:    1. 'AMD Radeon(TM) Vega 8 Graphics' (P:0 D:0)
[2020.04.12-06.14.31:268][  0]LogWindows:    2. 'AMD Radeon(TM) Vega 8 Graphics' (P:0 D:0)
[2020.04.12-06.14.31:269][  0]LogWindows:    3. 'AMD Radeon(TM) Vega 8 Graphics' (P:0 D:0)
[2020.04.12-06.14.31:269][  0]LogWindows: DebugString: FoundDriverCount:4 
[2020.04.12-06.14.31:269][  0]LogD3D11RHI:     Adapter Name: AMD Radeon(TM) Vega 8 Graphics
[2020.04.12-06.14.31:269][  0]LogD3D11RHI:   Driver Version: Adrenalin 17.12 (internal:25.20.14003.2000, unified:25.20.14003.2000)
[2020.04.12-06.14.31:269][  0]LogD3D11RHI:      Driver Date: 10-11-2018
[2020.04.12-06.14.31:269][  0]LogRHI: Texture pool is 168 MB (70% of 240 MB)
[2020.04.12-06.14.31:307][  0]LogD3D11RHI: Async texture creation enabled
[2020.04.12-06.14.31:321][  0]LogD3D11RHI: GPU Timing Frequency: 25.000000 (Debug: 2 1)
[2020.04.12-06.14.31:986][  0]LogTemp: Display: Module 'AllDesktopTargetPlatform' loaded TargetPlatform 'AllDesktop'
[2020.04.12-06.14.32:001][  0]LogTemp: Display: Module 'MacClientTargetPlatform' loaded TargetPlatform 'MacClient'
[2020.04.12-06.14.32:020][  0]LogTemp: Display: Module 'MacNoEditorTargetPlatform' loaded TargetPlatform 'MacNoEditor'
[2020.04.12-06.14.32:039][  0]LogTemp: Display: Module 'MacServerTargetPlatform' loaded TargetPlatform 'MacServer'
[2020.04.12-06.14.32:078][  0]LogTemp: Display: Module 'MacTargetPlatform' loaded TargetPlatform 'Mac'
[2020.04.12-06.14.32:095][  0]LogTemp: Display: Module 'WindowsClientTargetPlatform' loaded TargetPlatform 'WindowsClient'
[2020.04.12-06.14.32:112][  0]LogTemp: Display: Module 'WindowsNoEditorTargetPlatform' loaded TargetPlatform 'WindowsNoEditor'
[2020.04.12-06.14.32:127][  0]LogTemp: Display: Module 'WindowsServerTargetPlatform' loaded TargetPlatform 'WindowsServer'
[2020.04.12-06.14.32:136][  0]LogTemp: Display: Module 'WindowsTargetPlatform' loaded TargetPlatform 'Windows'
[2020.04.12-06.14.32:191][  0]LogTemp: Display: Module 'AndroidTargetPlatform' loaded TargetPlatform 'Android'
[2020.04.12-06.14.32:191][  0]LogTemp: Display: Module 'AndroidTargetPlatform' loaded TargetPlatform 'Android_ASTC'
[2020.04.12-06.14.32:191][  0]LogTemp: Display: Module 'AndroidTargetPlatform' loaded TargetPlatform 'Android_ATC'
[2020.04.12-06.14.32:191][  0]LogTemp: Display: Module 'AndroidTargetPlatform' loaded TargetPlatform 'Android_DXT'
[2020.04.12-06.14.32:191][  0]LogTemp: Display: Module 'AndroidTargetPlatform' loaded TargetPlatform 'Android_ETC1'
[2020.04.12-06.14.32:191][  0]LogTemp: Display: Module 'AndroidTargetPlatform' loaded TargetPlatform 'Android_ETC1a'
[2020.04.12-06.14.32:191][  0]LogTemp: Display: Module 'AndroidTargetPlatform' loaded TargetPlatform 'Android_ETC2'
[2020.04.12-06.14.32:191][  0]LogTemp: Display: Module 'AndroidTargetPlatform' loaded TargetPlatform 'Android_PVRTC'
[2020.04.12-06.14.32:191][  0]LogTemp: Display: Module 'AndroidTargetPlatform' loaded TargetPlatform 'AndroidClient'
[2020.04.12-06.14.32:191][  0]LogTemp: Display: Module 'AndroidTargetPlatform' loaded TargetPlatform 'Android_ASTCClient'
[2020.04.12-06.14.32:191][  0]LogTemp: Display: Module 'AndroidTargetPlatform' loaded TargetPlatform 'Android_ATCClient'
[2020.04.12-06.14.32:191][  0]LogTemp: Display: Module 'AndroidTargetPlatform' loaded TargetPlatform 'Android_DXTClient'
[2020.04.12-06.14.32:191][  0]LogTemp: Display: Module 'AndroidTargetPlatform' loaded TargetPlatform 'Android_ETC1Client'
[2020.04.12-06.14.32:191][  0]LogTemp: Display: Module 'AndroidTargetPlatform' loaded TargetPlatform 'Android_ETC1aClient'
[2020.04.12-06.14.32:191][  0]LogTemp: Display: Module 'AndroidTargetPlatform' loaded TargetPlatform 'Android_ETC2Client'
[2020.04.12-06.14.32:191][  0]LogTemp: Display: Module 'AndroidTargetPlatform' loaded TargetPlatform 'Android_PVRTCClient'
[2020.04.12-06.14.32:191][  0]LogTemp: Display: Module 'AndroidTargetPlatform' loaded TargetPlatform 'Android_Multi'
[2020.04.12-06.14.32:191][  0]LogTemp: Display: Module 'AndroidTargetPlatform' loaded TargetPlatform 'Android_MultiClient'
[2020.04.12-06.14.32:194][  0]LogTemp: Display: Module 'HTML5TargetPlatform' loaded TargetPlatform 'HTML5'
[2020.04.12-06.14.32:245][  0]LogTemp: Display: Module 'IOSTargetPlatform' loaded TargetPlatform 'IOSClient'
[2020.04.12-06.14.32:245][  0]LogTemp: Display: Module 'IOSTargetPlatform' loaded TargetPlatform 'IOS'
[2020.04.12-06.14.32:269][  0]LogTemp: Display: Module 'TVOSTargetPlatform' loaded TargetPlatform 'TVOSClient'
[2020.04.12-06.14.32:269][  0]LogTemp: Display: Module 'TVOSTargetPlatform' loaded TargetPlatform 'TVOS'
[2020.04.12-06.14.32:282][  0]LogTemp: Display: Module 'LinuxClientTargetPlatform' loaded TargetPlatform 'LinuxClient'
[2020.04.12-06.14.32:295][  0]LogTemp: Display: Module 'LinuxNoEditorTargetPlatform' loaded TargetPlatform 'LinuxNoEditor'
[2020.04.12-06.14.32:308][  0]LogTemp: Display: Module 'LinuxServerTargetPlatform' loaded TargetPlatform 'LinuxServer'
[2020.04.12-06.14.32:347][  0]LogTemp: Display: Module 'LinuxTargetPlatform' loaded TargetPlatform 'Linux'
[2020.04.12-06.14.32:394][  0]LogTemp: Display: Module 'LuminTargetPlatform' loaded TargetPlatform 'Lumin'
[2020.04.12-06.14.32:394][  0]LogTemp: Display: Module 'LuminTargetPlatform' loaded TargetPlatform 'LuminClient'
[2020.04.12-06.14.32:394][  0]LogTargetPlatformManager: Display: Building Assets For Windows
[2020.04.12-06.14.32:410][  0]LogAudioDebug: Display: Lib vorbis DLL was dynamically loaded.
[2020.04.12-06.14.32:520][  0]LogShaderCompilers: Guid format shader working directory is -15 characters bigger than the processId version (../../../../../../Users/Gabe/Desktop/Unreal Demos/Homework4/Intermediate/Shaders/WorkingDirectory/25032/).
[2020.04.12-06.14.32:520][  0]LogShaderCompilers: Cleaned the shader compiler working directory 'C:/Users/Gabe/AppData/Local/Temp/UnrealShaderWorkingDir/F5AD523749D73A1EB4B49ABEF4DF11EF/'.
[2020.04.12-06.14.32:526][  0]LogXGEController: Cannot use XGE Controller as Incredibuild is not installed on this machine.
[2020.04.12-06.14.32:527][  0]LogShaderCompilers: Cannot use XGE Shader Compiler as Incredibuild is not installed on this machine.
[2020.04.12-06.14.32:527][  0]LogShaderCompilers: Display: Using Local Shader Compiler.
[2020.04.12-06.14.35:491][  0]LogDerivedDataCache: Display: Max Cache Size: 512 MB
[2020.04.12-06.14.35:570][  0]LogDerivedDataCache: Loaded boot cache 0.08s 73MB C:/Users/Gabe/AppData/Local/UnrealEngine/4.23/DerivedDataCache/Boot.ddc.
[2020.04.12-06.14.35:570][  0]LogDerivedDataCache: Display: Loaded Boot cache: C:/Users/Gabe/AppData/Local/UnrealEngine/4.23/DerivedDataCache/Boot.ddc
[2020.04.12-06.14.35:570][  0]LogDerivedDataCache: FDerivedDataBackendGraph:  Pak pak cache file ../../../../../../Users/Gabe/Desktop/Unreal Demos/Homework4/DerivedDataCache/DDC.ddp not found, will not use a pak cache.
[2020.04.12-06.14.35:570][  0]LogDerivedDataCache: Unable to find inner node Pak for hierarchical cache Hierarchy.
[2020.04.12-06.14.35:570][  0]LogDerivedDataCache: FDerivedDataBackendGraph:  CompressedPak pak cache file ../../../../../../Users/Gabe/Desktop/Unreal Demos/Homework4/DerivedDataCache/Compressed.ddp not found, will not use a pak cache.
[2020.04.12-06.14.35:570][  0]LogDerivedDataCache: Unable to find inner node CompressedPak for hierarchical cache Hierarchy.
[2020.04.12-06.14.35:587][  0]LogDerivedDataCache: Display: Pak cache opened for reading ../../../Engine/DerivedDataCache/Compressed.ddp.
[2020.04.12-06.14.35:587][  0]LogDerivedDataCache: FDerivedDataBackendGraph:  EnterprisePak pak cache file ../../../Enterprise/DerivedDataCache/Compressed.ddp not found, will not use a pak cache.
[2020.04.12-06.14.35:587][  0]LogDerivedDataCache: Unable to find inner node EnterprisePak for hierarchical cache Hierarchy.
[2020.04.12-06.14.35:590][  0]LogDerivedDataCache: Using Local data cache path C:/Users/Gabe/AppData/Local/UnrealEngine/Common/DerivedDataCache: Writable
[2020.04.12-06.14.35:590][  0]LogDerivedDataCache: Shared data cache path not found in *engine.ini, will not use an Shared cache.
[2020.04.12-06.14.35:590][  0]LogDerivedDataCache: Unable to find inner node Shared for hierarchical cache Hierarchy.
[2020.04.12-06.14.35:622][  0]LogMaterial: Verifying Global Shaders for PCD3D_SM5
[2020.04.12-06.14.35:627][  0]LogSlate: Using FreeType 2.6.0
[2020.04.12-06.14.35:669][  0]LogSlate: SlateFontServices - WITH_FREETYPE: 1, WITH_HARFBUZZ: 1
[2020.04.12-06.14.36:315][  0]LogAssetRegistry: FAssetRegistry took 0.0040 seconds to start up
[2020.04.12-06.14.36:854][  0]LogInit: Selected Device Profile: [Windows]
[2020.04.12-06.14.37:148][  0]LogMeshReduction: Using QuadricMeshReduction for automatic static mesh reduction
[2020.04.12-06.14.37:148][  0]LogMeshReduction: Using SimplygonMeshReduction for automatic skeletal mesh reduction
[2020.04.12-06.14.37:148][  0]LogMeshReduction: Using ProxyLODMeshReduction for automatic mesh merging
[2020.04.12-06.14.37:148][  0]LogMeshReduction: No distributed automatic mesh merging module available
[2020.04.12-06.14.37:148][  0]LogMeshMerging: No distributed automatic mesh merging module available
[2020.04.12-06.14.37:256][  0]LogNetVersion: Homework4 1.0.0, NetCL: 8386587, EngineNetVer: 11, GameNetVer: 0 (Checksum: 561276766)
[2020.04.12-06.14.38:626][  0]LogPackageLocalizationCache: Processed 12 localized package path(s) for 1 prioritized culture(s) in 0.270784 seconds
[2020.04.12-06.14.38:638][  0]LogUObjectArray: 43444 objects as part of root set at end of initial load.
[2020.04.12-06.14.38:638][  0]LogUObjectAllocator: 7548648 out of 0 bytes used by permanent object pool.
[2020.04.12-06.14.38:638][  0]LogUObjectArray: CloseDisregardForGC: 0/0 objects in disregard for GC pool
[2020.04.12-06.14.51:871][  0]LogTcpMessaging: Initializing TcpMessaging bridge
[2020.04.12-06.14.51:876][  0]LogUdpMessaging: Initializing bridge on interface 0.0.0.0:0 to multicast group 230.0.0.1:6666.
[2020.04.12-06.14.51:983][  0]SourceControl: Source control is disabled
[2020.04.12-06.14.51:983][  0]SourceControl: Source control is disabled
[2020.04.12-06.14.51:986][  0]SourceControl: Source control is disabled
[2020.04.12-06.14.51:988][  0]SourceControl: Source control is disabled
[2020.04.12-06.14.52:004][  0]LogVSAccessor: Display: Unable to create Visual Studio setup instance: 80040154
[2020.04.12-06.14.52:005][  0]LogVSAccessor: Display: Unable to create Visual Studio setup instance: 80040154
[2020.04.12-06.14.52:318][  0]LogAndroidPermission: UAndroidPermissionCallbackProxy::GetInstance
[2020.04.12-06.14.52:515][  0]LogOcInput: OculusInput pre-init called
[2020.04.12-06.14.52:530][  0]LogWindows: Failed to load 'OVRPlugin.dll' (GetLastError=126)
[2020.04.12-06.14.52:530][  0]LogWindows: File 'OVRPlugin.dll' does not exist
[2020.04.12-06.14.52:761][  0]LogEngine: Initializing Engine...
[2020.04.12-06.14.52:764][  0]LogHMD: Failed to initialize OpenVR with code 110
[2020.04.12-06.14.52:766][  0]LogStats: UGameplayTagsManager::InitializeManager -  0.000 s
[2020.04.12-06.14.53:411][  0]LogInit: Initializing FReadOnlyCVARCache
[2020.04.12-06.14.53:443][  0]LogAIModule: Creating AISystem for world Untitled
[2020.04.12-06.14.53:459][  0]LogInit: XAudio2 using 'Speakers / Headphones (Realtek Audio)' : 2 channels at 48 kHz using 32 bits per sample (channel mask 0x3)
[2020.04.12-06.14.53:614][  0]LogInit: FAudioDevice initialized.
[2020.04.12-06.14.53:615][  0]LogNetVersion: Set ProjectVersion to 1.0.0.0. Version Checksum will be recalculated on next use.
[2020.04.12-06.14.54:120][  0]LogDerivedDataCache: Saved boot cache 0.51s 73MB C:/Users/Gabe/AppData/Local/UnrealEngine/4.23/DerivedDataCache/Boot.ddc.
[2020.04.12-06.14.54:485][  0]LogInit: Texture streaming: Enabled
[2020.04.12-06.14.54:645][  0]LogEngineSessionManager: EngineSessionManager initialized
[2020.04.12-06.14.54:645][  0]LogEditorSessionSummary: Verbose: Initializing EditorSessionSummaryWriter for editor session tracking
[2020.04.12-06.14.54:647][  0]LogEditorSessionSummary: EditorSessionSummaryWriter initialized
[2020.04.12-06.14.54:781][  0]LogInit: Transaction tracking system initialized
[2020.04.12-06.14.54:848][  0]BlueprintLog: New page: Editor Load
[2020.04.12-06.14.55:102][  0]LocalizationService: Localization service is disabled
[2020.04.12-06.14.55:359][  0]LogVSAccessor: Display: Unable to create Visual Studio setup instance: 80040154
[2020.04.12-06.14.55:359][  0]LogVSAccessor: Display: Unable to create Visual Studio setup instance: 80040154
[2020.04.12-06.14.56:035][  0]LogFileCache: Scanning file cache for directory 'C:/Users/Gabe/Desktop/Unreal Demos/Homework4/Content/' took 0.01s
[2020.04.12-06.14.56:035][  0]LogCook: Display: Max memory allowance for cook 16384mb min free memory 0mb
[2020.04.12-06.14.56:035][  0]LogCook: Display: Mobile HDR setting 1
[2020.04.12-06.14.59:400][  0]SourceControl: Source control is disabled
[2020.04.12-06.14.59:400][  0]Cmd: MAP LOAD FILE="../../../../../../Users/Gabe/Desktop/Unreal Demos/Homework4/Content/ThirdPersonBP/Maps/ThirdPersonExampleMap.umap" TEMPLATE=0 SHOWPROGRESS=1 FEATURELEVEL=3
[2020.04.12-06.14.59:547][  0]LightingResults: New page: Lighting Build
[2020.04.12-06.14.59:554][  0]LogWorld: UWorld::CleanupWorld for Untitled, bSessionEnded=true, bCleanupResources=true
[2020.04.12-06.14.59:554][  0]MapCheck: New page: Map Check
[2020.04.12-06.14.59:554][  0]LightingResults: New page: Lighting Build
[2020.04.12-06.14.59:590][  0]LogUObjectHash: Compacting FUObjectHashTables data took   3.48ms
[2020.04.12-06.15.13:361][  0]LogAIModule: Creating AISystem for world ThirdPersonExampleMap
[2020.04.12-06.15.13:454][  0]LogEditorServer: Finished looking for orphan Actors (0.000 secs)
[2020.04.12-06.15.14:083][  0]LogUObjectHash: Compacting FUObjectHashTables data took   4.07ms
[2020.04.12-06.15.14:084][  0]Cmd: MAP CHECKDEP NOCLEARLOG
[2020.04.12-06.15.14:084][  0]MapCheck: Map check complete: 0 Error(s), 0 Warning(s), took 0.376ms to complete.
[2020.04.12-06.15.14:084][  0]LogFileHelpers: Loading map 'ThirdPersonExampleMap' took 14.683
[2020.04.12-06.15.14:400][  0]LogSlate: Updating window title bar state: overlay mode, drag disabled, window buttons hidden, title bar hidden
[2020.04.12-06.15.14:412][  0]LogSlate: Updating window title bar state: overlay mode, drag disabled, window buttons hidden, title bar hidden
[2020.04.12-06.15.14:426][  0]LogSlate: Updating window title bar state: overlay mode, drag disabled, window buttons hidden, title bar hidden
[2020.04.12-06.15.14:439][  0]LogSlate: Updating window title bar state: overlay mode, drag disabled, window buttons hidden, title bar hidden
[2020.04.12-06.15.14:614][  0]LogCollectionManager: Loaded 0 collections in 0.018493 seconds
[2020.04.12-06.15.14:624][  0]LogFileCache: Scanning file cache for directory 'C:/Users/Gabe/Desktop/Unreal Demos/Homework4/Saved/Collections/' took 0.00s
[2020.04.12-06.15.14:624][  0]LogFileCache: Scanning file cache for directory 'C:/Users/Gabe/Desktop/Unreal Demos/Homework4/Content/Developers/Gabe/Collections/' took 0.00s
[2020.04.12-06.15.14:624][  0]LogFileCache: Scanning file cache for directory 'C:/Users/Gabe/Desktop/Unreal Demos/Homework4/Content/Collections/' took 0.00s
[2020.04.12-06.15.14:624][  0]LogCollectionManager: Rebuilt the GUID cache for 0 collections in 0.000002 seconds
[2020.04.12-06.15.14:639][  0]LogContentBrowser: Native class hierarchy populated in 0.0141 seconds. Added 2863 classes and 680 folders.
[2020.04.12-06.15.14:651][  0]LogContentBrowser: Native class hierarchy updated for 'WidgetCarousel' in 0.0004 seconds. Added 0 classes and 0 folders.
[2020.04.12-06.15.16:821][  0]LogContentBrowser: Native class hierarchy updated for 'AddContentDialog' in 0.0004 seconds. Added 0 classes and 0 folders.
[2020.04.12-06.15.16:839][  0]LogContentBrowser: Native class hierarchy updated for 'WorldBrowser' in 0.0004 seconds. Added 2 classes and 3 folders.
[2020.04.12-06.15.16:849][  0]LogContentBrowser: Native class hierarchy updated for 'SceneOutliner' in 0.0005 seconds. Added 1 classes and 2 folders.
[2020.04.12-06.15.17:620][  0]LogSlate: Took 0.000378 seconds to synchronously load lazily loaded font '../../../Engine/Content/Slate/Fonts/Roboto-Bold.ttf' (160K)
[2020.04.12-06.15.17:622][  0]LogSlate: Took 0.000320 seconds to synchronously load lazily loaded font '../../../Engine/Content/Slate/Fonts/Roboto-Regular.ttf' (155K)
[2020.04.12-06.15.17:637][  0]LogContentBrowser: Native class hierarchy updated for 'HierarchicalLODOutliner' in 0.0004 seconds. Added 0 classes and 0 folders.
[2020.04.12-06.15.17:637][  0]LogLoad: (Engine Initialization) Total time: 59.36 seconds
[2020.04.12-06.15.17:637][  0]LogLoad: (Engine Initialization) Total Blueprint compile time: 0.00 seconds
[2020.04.12-06.15.17:968][  0]LogContentStreaming: Texture pool size now 1000 MB
[2020.04.12-06.15.18:235][  0]LogSlate: Took 0.256453 seconds to synchronously load lazily loaded font '../../../Engine/Content/Editor/Slate/Fonts/FontAwesome.ttf' (139K)
[2020.04.12-06.15.18:388][  0]LogRenderer: Reallocating scene render targets to support 720x308 Format 10 NumSamples 1 (Frame:1).
[2020.04.12-06.15.18:388][  0]LogSlate: Took 0.000305 seconds to synchronously load lazily loaded font '../../../Engine/Content/Slate/Fonts/Roboto-Light.ttf' (167K)
[2020.04.12-06.15.22:374][  2]LogSlate: Took 0.000365 seconds to synchronously load lazily loaded font '../../../Engine/Content/Slate/Fonts/Roboto-Light.ttf' (167K)
[2020.04.12-06.15.23:821][ 13]LogAssetRegistry: Asset discovery search completed in 47.5074 seconds
[2020.04.12-06.15.23:826][ 13]LogCollectionManager: Rebuilt the object cache for 0 collections in 0.000006 seconds (found 0 objects)
[2020.04.12-06.15.23:827][ 13]LogCollectionManager: Fixed up redirectors for 0 collections in 0.000123 seconds (updated 0 objects)
[2020.04.12-06.15.24:759][ 42]LogSlate: FSceneViewport::OnFocusLost() reason 0
[2020.04.12-06.16.00:405][196]LogEditorViewport: Clicking on Actor (LMB): Ai_Agent1_C (Ai_Agent1)
[2020.04.12-06.16.02:293][260]LogSlate: FSceneViewport::OnFocusLost() reason 0
[2020.04.12-06.16.15:866][701]LogAssetEditorManager: Opening Asset editor for Blueprint /Game/ThirdPersonBP/Hw4/Ai/BT_Assets/BTT_Tasks/BTT_Set_Home_Value.BTT_Set_Home_Value
[2020.04.12-06.16.17:309][701]LogContentBrowser: Native class hierarchy updated for 'BlueprintGraph' in 0.0007 seconds. Added 121 classes and 0 folders.
[2020.04.12-06.16.19:176][701]LogSlate: Took 0.594154 seconds to synchronously load lazily loaded font '../../../Engine/Content/Slate/Fonts/Roboto-BoldCondensed.ttf' (158K)
[2020.04.12-06.16.19:243][702]LogSlate: Took 0.027938 seconds to synchronously load lazily loaded font '../../../Engine/Content/Slate/Fonts/Roboto-Italic.ttf' (157K)
[2020.04.12-06.16.41:189][901]LogSavePackage: Moving '../../../../../../Users/Gabe/Desktop/Unreal Demos/Homework4/Saved/BTT_Set_Home_ValueB7C6AF4C4BCE5BA7F40FD3AA75BAD532.tmp' to '../../../../../../Users/Gabe/Desktop/Unreal Demos/Homework4/Content/ThirdPersonBP/Hw4/Ai/BT_Assets/BTT_Tasks/BTT_Set_Home_Value.uasset'
[2020.04.12-06.16.44:212][ 69]LogSlate: Took 0.126938 seconds to synchronously load lazily loaded font '../../../Engine/Content/Slate/Fonts/Roboto-BoldCondensedItalic.ttf' (160K)
[2020.04.12-06.16.58:332][753]LogAssetEditorManager: Opening Asset editor for BehaviorTree /Game/ThirdPersonBP/Hw4/Ai/BT_Assets/BT_AiAgent1.BT_AiAgent1
[2020.04.12-06.16.58:466][753]LogBehaviorTree: Warning: BTT_Update_Go_Home[38]> Failed to find key 'GoHome' in BB asset BlackboardData /Game/ThirdPersonBP/Hw4/Ai/BT_Assets/BB_AiAgent1.BB_AiAgent1. BB Key Selector will be set to 'Invalid'
[2020.04.12-06.17.14:538][331]LogUObjectHash: Compacting FUObjectHashTables data took   5.01ms
[2020.04.12-06.17.15:236][331]LogWorld: UWorld::CleanupWorld for World_4, bSessionEnded=true, bCleanupResources=true
[2020.04.12-06.17.15:282][331]LogSlate: Window 'BB_AiAgent1' being destroyed
[2020.04.12-06.17.15:298][331]LogSlate: Window 'Homework4 - Unreal Editor' being destroyed
[2020.04.12-06.17.15:299][331]LogWindowsTextInputMethodSystem: Display: IME system now deactivated.
[2020.04.12-06.17.15:568][332]Cmd: QUIT_EDITOR
[2020.04.12-06.17.16:038][332]LogExit: Preparing to exit.
[2020.04.12-06.17.18:469][332]LogWorld: UWorld::CleanupWorld for World_0, bSessionEnded=true, bCleanupResources=true
[2020.04.12-06.17.18:471][332]LogWorld: UWorld::CleanupWorld for World_3, bSessionEnded=true, bCleanupResources=true
[2020.04.12-06.17.18:473][332]LogWorld: UWorld::CleanupWorld for World_2, bSessionEnded=true, bCleanupResources=true
[2020.04.12-06.17.18:474][332]LogWorld: UWorld::CleanupWorld for World_1, bSessionEnded=true, bCleanupResources=true
[2020.04.12-06.17.18:631][332]LogDemo: Cleaned up 0 splitscreen connections with owner deletion
[2020.04.12-06.17.18:739][332]LogWorld: UWorld::CleanupWorld for None, bSessionEnded=true, bCleanupResources=true
[2020.04.12-06.17.18:739][332]LogExit: Editor shut down
[2020.04.12-06.17.18:739][332]LogExit: Transaction tracking system shut down
[2020.04.12-06.17.20:678][332]LogExit: Object subsystem successfully closed.
[2020.04.12-06.17.20:842][332]LogShaderCompilers: Display: Shaders left to compile 0
[2020.04.12-06.17.21:796][332]LogModuleManager: Shutting down and abandoning module BlueprintGraph (672)
[2020.04.12-06.17.21:796][332]LogModuleManager: Shutting down and abandoning module HierarchicalLODOutliner (670)
[2020.04.12-06.17.21:796][332]LogModuleManager: Shutting down and abandoning module SceneOutliner (668)
[2020.04.12-06.17.21:796][332]LogModuleManager: Shutting down and abandoning module WorldBrowser (666)
[2020.04.12-06.17.21:796][332]LogModuleManager: Shutting down and abandoning module AddContentDialog (664)
[2020.04.12-06.17.21:804][332]LogModuleManager: Shutting down and abandoning module WidgetCarousel (663)
[2020.04.12-06.17.21:804][332]LogModuleManager: Shutting down and abandoning module EditorWidgets (660)
[2020.04.12-06.17.21:804][332]LogModuleManager: Shutting down and abandoning module CollectionManager (658)
[2020.04.12-06.17.21:804][332]LogModuleManager: Shutting down and abandoning module StatsViewer (656)
[2020.04.12-06.17.21:829][332]LogModuleManager: Shutting down and abandoning module VirtualTexturingEditor (654)
[2020.04.12-06.17.21:829][332]LogModuleManager: Shutting down and abandoning module FoliageEdit (652)
[2020.04.12-06.17.21:833][332]LogModuleManager: Shutting down and abandoning module LandscapeEditor (650)
[2020.04.12-06.17.21:888][332]LogModuleManager: Shutting down and abandoning module MeshPaintMode (648)
[2020.04.12-06.17.21:888][332]LogModuleManager: Shutting down and abandoning module SceneDepthPickerMode (646)
[2020.04.12-06.17.21:888][332]LogModuleManager: Shutting down and abandoning module ActorPickerMode (644)
[2020.04.12-06.17.21:888][332]LogModuleManager: Shutting down and abandoning module GeometryMode (642)
[2020.04.12-06.17.21:905][332]LogModuleManager: Shutting down and abandoning module TextureAlignMode (640)
[2020.04.12-06.17.21:906][332]LogModuleManager: Shutting down and abandoning module BspMode (638)
[2020.04.12-06.17.21:906][332]LogModuleManager: Shutting down and abandoning module PIEPreviewDeviceProfileSelector (636)
[2020.04.12-06.17.21:932][332]LogModuleManager: Shutting down and abandoning module SequenceRecorderSections (634)
[2020.04.12-06.17.21:959][332]LogModuleManager: Shutting down and abandoning module AutomationWorker (632)
[2020.04.12-06.17.21:959][332]LogModuleManager: Shutting down and abandoning module OculusMR (630)
[2020.04.12-06.17.21:959][332]LogModuleManager: Shutting down and abandoning module AudioCaptureEditor (628)
[2020.04.12-06.17.21:959][332]LogModuleManager: Shutting down and abandoning module MatineeToLevelSequence (626)
[2020.04.12-06.17.21:997][332]LogModuleManager: Shutting down and abandoning module LevelSequenceEditor (624)
[2020.04.12-06.17.22:043][332]LogModuleManager: Shutting down and abandoning module PlacementMode (623)
[2020.04.12-06.17.22:043][332]LogModuleManager: Shutting down and abandoning module MaterialEditor (622)
[2020.04.12-06.17.22:054][332]LogModuleManager: Shutting down and abandoning module ActorSequenceEditor (618)
[2020.04.12-06.17.22:063][332]LogModuleManager: Shutting down and abandoning module WmfMediaFactory (616)
[2020.04.12-06.17.22:063][332]LogModuleManager: Shutting down and abandoning module WmfMediaEditor (614)
[2020.04.12-06.17.22:063][332]LogModuleManager: Shutting down and abandoning module WebMMediaFactory (612)
[2020.04.12-06.17.22:063][332]LogModuleManager: Shutting down and abandoning module WebMMediaEditor (610)
[2020.04.12-06.17.22:063][332]LogModuleManager: Shutting down and abandoning module WebMMedia (608)
[2020.04.12-06.17.22:064][332]LogModuleManager: Shutting down and abandoning module MediaPlayerEditor (606)
[2020.04.12-06.17.22:074][332]LogModuleManager: Shutting down and abandoning module MediaCompositingEditor (604)
[2020.04.12-06.17.22:089][332]LogModuleManager: Shutting down and abandoning module SequenceRecorder (603)
[2020.04.12-06.17.22:089][332]LogModuleManager: Shutting down and abandoning module OpenExrWrapper (600)
[2020.04.12-06.17.22:089][332]LogModuleManager: Shutting down and abandoning module ImgMediaFactory (598)
[2020.04.12-06.17.22:089][332]LogModuleManager: Shutting down and abandoning module ImgMediaEditor (596)
[2020.04.12-06.17.22:089][332]LogModuleManager: Shutting down and abandoning module AvfMediaFactory (594)
[2020.04.12-06.17.22:089][332]LogModuleManager: Shutting down and abandoning module AvfMediaEditor (592)
[2020.04.12-06.17.22:089][332]LogModuleManager: Shutting down and abandoning module AndroidMediaFactory (590)
[2020.04.12-06.17.22:089][332]LogModuleManager: Shutting down and abandoning module AndroidMediaEditor (588)
[2020.04.12-06.17.22:089][332]LogModuleManager: Shutting down and abandoning module MagicLeapCameraPreviewFactory (586)
[2020.04.12-06.17.22:089][332]LogModuleManager: Shutting down and abandoning module MagicLeapMediaCodecFactory (584)
[2020.04.12-06.17.22:089][332]LogModuleManager: Shutting down and abandoning module MagicLeapMediaFactory (582)
[2020.04.12-06.17.22:089][332]LogModuleManager: Shutting down and abandoning module MagicLeapMediaEditor (580)
[2020.04.12-06.17.22:089][332]LogModuleManager: Shutting down and abandoning module CharacterAI (578)
[2020.04.12-06.17.22:089][332]LogModuleManager: Shutting down and abandoning module SmartSnapping (576)
[2020.04.12-06.17.22:089][332]LogModuleManager: Shutting down and abandoning module SessionServices (574)
[2020.04.12-06.17.22:089][332]LogModuleManager: Shutting down and abandoning module MeshPaint (572)
[2020.04.12-06.17.22:090][332]LogModuleManager: Shutting down and abandoning module ViewportSnapping (570)
[2020.04.12-06.17.22:090][332]LogModuleManager: Shutting down and abandoning module ViewportInteraction (568)
[2020.04.12-06.17.22:090][332]LogModuleManager: Shutting down and abandoning module ClothPainter (566)
[2020.04.12-06.17.22:109][332]LogModuleManager: Shutting down and abandoning module SkeletalMeshEditor (565)
[2020.04.12-06.17.22:135][332]LogModuleManager: Shutting down and abandoning module LogVisualizer (562)
[2020.04.12-06.17.22:150][332]LogModuleManager: Shutting down and abandoning module IntroTutorials (560)
[2020.04.12-06.17.22:151][332]LogModuleManager: Shutting down and abandoning module GameProjectGeneration (559)
[2020.04.12-06.17.22:159][332]LogModuleManager: Shutting down and abandoning module LuminPlatformEditor (556)
[2020.04.12-06.17.22:160][332]LogModuleManager: Shutting down and abandoning module IOSPlatformEditor (554)
[2020.04.12-06.17.22:163][332]LogModuleManager: Shutting down and abandoning module HTML5PlatformEditor (552)
[2020.04.12-06.17.22:163][332]LogModuleManager: Shutting down and abandoning module AndroidPlatformEditor (550)
[2020.04.12-06.17.22:163][332]LogModuleManager: Shutting down and abandoning module AndroidDeviceDetection (549)
[2020.04.12-06.17.22:199][332]LogModuleManager: Shutting down and abandoning module WindowsPlatformEditor (546)
[2020.04.12-06.17.22:199][332]LogModuleManager: Shutting down and abandoning module LuminRuntimeSettings (544)
[2020.04.12-06.17.22:199][332]LogModuleManager: Shutting down and abandoning module IOSRuntimeSettings (542)
[2020.04.12-06.17.22:199][332]LogModuleManager: Shutting down and abandoning module AndroidRuntimeSettings (540)
[2020.04.12-06.17.22:199][332]LogModuleManager: Shutting down and abandoning module TimeManagementEditor (538)
[2020.04.12-06.17.22:199][332]LogModuleManager: Shutting down and abandoning module InputBindingEditor (536)
[2020.04.12-06.17.22:200][332]LogModuleManager: Shutting down and abandoning module MergeActors (534)
[2020.04.12-06.17.22:269][332]LogModuleManager: Shutting down and abandoning module LocalizationDashboard (532)
[2020.04.12-06.17.22:283][332]LogModuleManager: Shutting down and abandoning module LocalizationService (531)
[2020.04.12-06.17.22:290][332]LogModuleManager: Shutting down and abandoning module HardwareTargeting (528)
[2020.04.12-06.17.22:290][332]LogModuleManager: Shutting down and abandoning module DeviceProfileEditor (526)
[2020.04.12-06.17.22:301][332]LogModuleManager: Shutting down and abandoning module UndoHistory (524)
[2020.04.12-06.17.22:302][332]LogModuleManager: Shutting down and abandoning module XmlParser (522)
[2020.04.12-06.17.22:310][332]LogModuleManager: Shutting down and abandoning module Blutility (520)
[2020.04.12-06.17.22:311][332]LogModuleManager: Shutting down and abandoning module ProjectSettingsViewer (518)
[2020.04.12-06.17.22:311][332]LogModuleManager: Shutting down and abandoning module ProjectTargetPlatformEditor (517)
[2020.04.12-06.17.22:311][332]LogModuleManager: Shutting down and abandoning module EditorSettingsViewer (514)
[2020.04.12-06.17.22:311][332]LogModuleManager: Shutting down and abandoning module SettingsEditor (512)
[2020.04.12-06.17.22:318][332]LogModuleManager: Shutting down and abandoning module ProjectLauncher (510)
[2020.04.12-06.17.22:331][332]LogModuleManager: Shutting down and abandoning module SessionFrontend (508)
[2020.04.12-06.17.22:341][332]LogModuleManager: Shutting down and abandoning module ProfilerClient (506)
[2020.04.12-06.17.22:352][332]LogModuleManager: Shutting down and abandoning module DeviceManager (504)
[2020.04.12-06.17.22:366][332]LogModuleManager: Shutting down and abandoning module TargetDeviceServices (503)
[2020.04.12-06.17.22:410][332]LogModuleManager: Shutting down and abandoning module AutomationController (500)
[2020.04.12-06.17.22:421][332]LogModuleManager: Shutting down and abandoning module AutomationWindow (498)
[2020.04.12-06.17.22:430][332]LogModuleManager: Shutting down and abandoning module Layers (496)
[2020.04.12-06.17.22:447][332]LogModuleManager: Shutting down and abandoning module ComponentVisualizers (494)
[2020.04.12-06.17.22:447][332]LogModuleManager: Shutting down and abandoning module DetailCustomizations (492)
[2020.04.12-06.17.22:447][332]LogModuleManager: Shutting down and abandoning module PackagesDialog (490)
[2020.04.12-06.17.22:447][332]LogModuleManager: Shutting down and abandoning module AnimationBlueprintEditor (488)
[2020.04.12-06.17.22:456][332]LogModuleManager: Shutting down and abandoning module Persona (486)
[2020.04.12-06.17.22:484][332]LogModuleManager: Shutting down and abandoning module AdvancedPreviewScene (485)
[2020.04.12-06.17.22:484][332]LogModuleManager: Shutting down and abandoning module AnimGraph (483)
[2020.04.12-06.17.22:484][332]LogModuleManager: Shutting down and abandoning module Kismet (480)
[2020.04.12-06.17.22:520][332]LogModuleManager: Shutting down and abandoning module KismetWidgets (479)
[2020.04.12-06.17.22:532][332]LogModuleManager: Shutting down and abandoning module GraphEditor (476)
[2020.04.12-06.17.22:533][332]LogModuleManager: Shutting down and abandoning module StructViewer (474)
[2020.04.12-06.17.22:533][332]LogModuleManager: Shutting down and abandoning module ClassViewer (472)
[2020.04.12-06.17.22:533][332]LogModuleManager: Shutting down and abandoning module Toolbox (470)
[2020.04.12-06.17.22:533][332]LogModuleManager: Shutting down and abandoning module ModuleUI (468)
[2020.04.12-06.17.22:537][332]LogModuleManager: Shutting down and abandoning module MovieSceneTools (466)
[2020.04.12-06.17.22:551][332]LogModuleManager: Shutting down and abandoning module OutputLog (464)
[2020.04.12-06.17.22:561][332]LogModuleManager: Shutting down and abandoning module GammaUI (462)
[2020.04.12-06.17.22:566][332]LogModuleManager: Shutting down and abandoning module Documentation (460)
[2020.04.12-06.17.22:566][332]LogModuleManager: Shutting down and abandoning module LiveCoding (458)
[2020.04.12-06.17.22:581][332]LogModuleManager: Shutting down and abandoning module LevelSequence (456)
[2020.04.12-06.17.22:581][332]LogModuleManager: Shutting down and abandoning module MovieSceneTracks (454)
[2020.04.12-06.17.22:581][332]LogModuleManager: Shutting down and abandoning module MovieScene (452)
[2020.04.12-06.17.22:593][332]LogModuleManager: Shutting down and abandoning module StreamingPauseRendering (450)
[2020.04.12-06.17.22:599][332]LogModuleManager: Shutting down and abandoning module LauncherPlatform (448)
[2020.04.12-06.17.22:599][332]LogModuleManager: Shutting down and abandoning module AnalyticsET (446)
[2020.04.12-06.17.22:599][332]LogModuleManager: Shutting down and abandoning module PortalServices (444)
[2020.04.12-06.17.22:599][332]LogModuleManager: Shutting down and abandoning module PortalRpc (442)
[2020.04.12-06.17.22:599][332]LogModuleManager: Shutting down and abandoning module MessagingRpc (440)
[2020.04.12-06.17.22:599][332]LogModuleManager: Shutting down and abandoning module AIModule (438)
[2020.04.12-06.17.22:610][332]LogModuleManager: Shutting down and abandoning module GameplayDebugger (437)
[2020.04.12-06.17.22:610][332]LogModuleManager: Shutting down and abandoning module AITestSuite (435)
[2020.04.12-06.17.22:610][332]LogModuleManager: Shutting down and abandoning module NavigationSystem (433)
[2020.04.12-06.17.22:610][332]LogModuleManager: Shutting down and abandoning module DesktopPlatform (430)
[2020.04.12-06.17.22:614][332]LogModuleManager: Shutting down and abandoning module ImageWriteQueue (428)
[2020.04.12-06.17.22:620][332]LogModuleManager: Shutting down and abandoning module ProfilerService (426)
[2020.04.12-06.17.22:658][332]LogModuleManager: Shutting down and abandoning module TaskGraph (424)
[2020.04.12-06.17.22:673][332]LogModuleManager: Shutting down and abandoning module ScreenshotTools (422)
[2020.04.12-06.17.22:673][332]LogModuleManager: Shutting down and abandoning module SteamVRController (420)
[2020.04.12-06.17.22:673][332]LogModuleManager: Shutting down and abandoning module ProceduralMeshComponentEditor (418)
[2020.04.12-06.17.22:673][332]LogModuleManager: Shutting down and abandoning module ProceduralMeshComponent (416)
[2020.04.12-06.17.22:681][332]LogModuleManager: Shutting down and abandoning module OculusEditor (414)
[2020.04.12-06.17.22:681][332]LogModuleManager: Shutting down and abandoning module OculusInput (412)
[2020.04.12-06.17.22:681][332]LogModuleManager: Shutting down and abandoning module MobilePatchingUtils (410)
[2020.04.12-06.17.22:681][332]LogModuleManager: Shutting down and abandoning module EditableMesh (408)
[2020.04.12-06.17.22:696][332]LogModuleManager: Shutting down and abandoning module CustomMeshComponent (406)
[2020.04.12-06.17.22:696][332]LogModuleManager: Shutting down and abandoning module CableComponent (404)
[2020.04.12-06.17.22:696][332]LogModuleManager: Shutting down and abandoning module AudioCapture (402)
[2020.04.12-06.17.22:696][332]LogModuleManager: Shutting down and abandoning module ArchVisCharacter (400)
[2020.04.12-06.17.22:696][332]LogModuleManager: Shutting down and abandoning module AppleImageUtilsBlueprintSupport (398)
[2020.04.12-06.17.22:696][332]LogModuleManager: Shutting down and abandoning module AppleImageUtils (396)
[2020.04.12-06.17.22:696][332]LogModuleManager: Shutting down and abandoning module AndroidPermission (394)
[2020.04.12-06.17.22:696][332]LogModuleManager: Shutting down and abandoning module NUTUnrealEngine4 (392)
[2020.04.12-06.17.22:702][332]LogModuleManager: Shutting down and abandoning module NetcodeUnitTest (390)
[2020.04.12-06.17.22:716][332]LogModuleManager: Shutting down and abandoning module MediaCompositing (388)
[2020.04.12-06.17.22:716][332]LogModuleManager: Shutting down and abandoning module ImgMedia (386)
[2020.04.12-06.17.22:725][332]LogModuleManager: Shutting down and abandoning module MagicLeapHelperVulkan (384)
[2020.04.12-06.17.22:725][332]LogModuleManager: Shutting down and abandoning module MagicLeapHelperOpenGL (382)
[2020.04.12-06.17.22:725][332]LogModuleManager: Shutting down and abandoning module MagicLeapAudio (380)
[2020.04.12-06.17.22:778][332]LogModuleManager: Shutting down and abandoning module HTML5Networking (378)
[2020.04.12-06.17.22:778][332]LogModuleManager: Shutting down and abandoning module GeometryCacheTracks (376)
[2020.04.12-06.17.22:778][332]LogModuleManager: Shutting down and abandoning module GeometryCacheSequencer (374)
[2020.04.12-06.17.22:778][332]LogModuleManager: Shutting down and abandoning module BackChannel (372)
[2020.04.12-06.17.22:791][332]LogModuleManager: Shutting down and abandoning module AutomationUtilsEditor (370)
[2020.04.12-06.17.22:791][332]LogModuleManager: Shutting down and abandoning module AutomationUtils (368)
[2020.04.12-06.17.22:791][332]LogModuleManager: Shutting down and abandoning module AlembicImporter (366)
[2020.04.12-06.17.22:803][332]LogModuleManager: Shutting down and abandoning module AlembicLibrary (365)
[2020.04.12-06.17.22:803][332]LogModuleManager: Shutting down and abandoning module GeometryCache (364)
[2020.04.12-06.17.22:803][332]LogModuleManager: Shutting down and abandoning module GeometryCacheEd (363)
[2020.04.12-06.17.22:803][332]LogModuleManager: Shutting down and abandoning module VariantManagerContent (358)
[2020.04.12-06.17.22:803][332]LogModuleManager: Shutting down and abandoning module DatasmithContentEditor (356)
[2020.04.12-06.17.22:803][332]LogModuleManager: Shutting down and abandoning module SpeedTreeImporter (354)
[2020.04.12-06.17.22:803][332]LogModuleManager: Shutting down and abandoning module PluginBrowser (352)
[2020.04.12-06.17.22:824][332]LogModuleManager: Shutting down and abandoning module MobileLauncherProfileWizard (350)
[2020.04.12-06.17.22:835][332]LogModuleManager: Shutting down and abandoning module MaterialAnalyzer (348)
[2020.04.12-06.17.22:840][332]LogModuleManager: Shutting down and abandoning module CurveEditorTools (346)
[2020.04.12-06.17.22:859][332]LogModuleManager: Shutting down and abandoning module CurveEditor (345)
[2020.04.12-06.17.22:861][332]LogModuleManager: Shutting down and abandoning module CryptoKeysOpenSSL (342)
[2020.04.12-06.17.22:862][332]LogModuleManager: Shutting down and abandoning module CryptoKeys (340)
[2020.04.12-06.17.22:862][332]LogModuleManager: Shutting down and abandoning module VisualStudioSourceCodeAccess (338)
[2020.04.12-06.17.22:868][332]LogModuleManager: Shutting down and abandoning module VisualStudioCodeSourceCodeAccess (336)
[2020.04.12-06.17.22:868][332]LogModuleManager: Shutting down and abandoning module UObjectPlugin (334)
[2020.04.12-06.17.22:868][332]LogModuleManager: Shutting down and abandoning module SubversionSourceControl (332)
[2020.04.12-06.17.22:884][332]LogModuleManager: Shutting down and abandoning module PerforceSourceControl (330)
[2020.04.12-06.17.22:903][332]LogModuleManager: Shutting down and abandoning module GitSourceControl (328)
[2020.04.12-06.17.22:916][332]LogModuleManager: Shutting down and abandoning module SourceControl (327)
[2020.04.12-06.17.22:917][332]LogModuleManager: Shutting down and abandoning module CLionSourceCodeAccess (324)
[2020.04.12-06.17.22:917][332]LogModuleManager: Shutting down and abandoning module AnimationSharingEd (322)
[2020.04.12-06.17.22:917][332]LogModuleManager: Shutting down and abandoning module ActorLayerUtilitiesEditor (320)
[2020.04.12-06.17.22:917][332]LogModuleManager: Shutting down and abandoning module ActorLayerUtilities (318)
[2020.04.12-06.17.22:917][332]LogModuleManager: Shutting down and abandoning module LightPropagationVolumeEditor (316)
[2020.04.12-06.17.22:917][332]LogModuleManager: Shutting down and abandoning module PaperTiledImporter (314)
[2020.04.12-06.17.22:917][332]LogModuleManager: Shutting down and abandoning module PaperSpriteSheetImporter (312)
[2020.04.12-06.17.22:917][332]LogModuleManager: Shutting down and abandoning module Paper2DEditor (310)
[2020.04.12-06.17.22:929][332]LogModuleManager: Shutting down and abandoning module SignificanceManager (308)
[2020.04.12-06.17.22:929][332]LogModuleManager: Shutting down and abandoning module RuntimePhysXCooking (306)
[2020.04.12-06.17.22:929][332]LogModuleManager: Shutting down and abandoning module PhysXVehiclesEditor (304)
[2020.04.12-06.17.22:929][332]LogModuleManager: Shutting down and abandoning module LocationServicesBPLibrary (300)
[2020.04.12-06.17.22:929][332]LogModuleManager: Shutting down and abandoning module ActorSequence (298)
[2020.04.12-06.17.22:929][332]LogModuleManager: Shutting down and abandoning module UdpMessaging (296)
[2020.04.12-06.17.23:030][332]LogModuleManager: Shutting down and abandoning module TcpMessaging (294)
[2020.04.12-06.17.23:170][332]LogModuleManager: Shutting down and abandoning module MagicLeapIdentity (292)
[2020.04.12-06.17.23:170][332]LogModuleManager: Shutting down and abandoning module MagicLeapSecureStorage (290)
[2020.04.12-06.17.23:170][332]LogModuleManager: Shutting down and abandoning module MagicLeapHandTracking (288)
[2020.04.12-06.17.23:182][332]LogModuleManager: Shutting down and abandoning module MagicLeapEyeTracker (286)
[2020.04.12-06.17.23:182][332]LogModuleManager: Shutting down and abandoning module MagicLeapController (284)
[2020.04.12-06.17.23:182][332]LogSlate: Slate User Destroyed.  User Index 0, Is Virtual User: 0
[2020.04.12-06.17.23:182][332]LogModuleManager: Shutting down and abandoning module MagicLeapAR (282)
[2020.04.12-06.17.23:183][332]LogModuleManager: Shutting down and abandoning module AugmentedReality (281)
[2020.04.12-06.17.23:183][332]LogModuleManager: Shutting down and abandoning module GameplayTagsEditor (278)
[2020.04.12-06.17.23:194][332]LogModuleManager: Shutting down and abandoning module FacialAnimationEditor (276)
[2020.04.12-06.17.23:194][332]LogModuleManager: Shutting down and abandoning module FacialAnimation (274)
[2020.04.12-06.17.23:194][332]LogModuleManager: Shutting down and abandoning module DataValidation (272)
[2020.04.12-06.17.23:194][332]LogModuleManager: Shutting down and abandoning module AssetManagerEditor (270)
[2020.04.12-06.17.23:259][332]LogModuleManager: Shutting down and abandoning module LevelEditor (269)
[2020.04.12-06.17.23:282][332]LogModuleManager: Shutting down and abandoning module PixelInspectorModule (268)
[2020.04.12-06.17.23:297][332]LogModuleManager: Shutting down and abandoning module CommonMenuExtensions (266)
[2020.04.12-06.17.23:298][332]LogModuleManager: Shutting down and abandoning module MainFrame (264)
[2020.04.12-06.17.23:298][332]LogModuleManager: Shutting down and abandoning module HotReload (263)
[2020.04.12-06.17.23:310][332]LogModuleManager: Shutting down and abandoning module ContentBrowser (259)
[2020.04.12-06.17.23:311][332]LogModuleManager: Shutting down and abandoning module TreeMap (257)
[2020.04.12-06.17.23:316][332]LogModuleManager: Shutting down and abandoning module AnimationSharing (254)
[2020.04.12-06.17.23:316][332]LogModuleManager: Shutting down and abandoning module LightPropagationVolumeRuntime (252)
[2020.04.12-06.17.23:316][332]LogModuleManager: Shutting down and abandoning module Paper2D (250)
[2020.04.12-06.17.23:330][332]LogModuleManager: Shutting down and abandoning module WindowsMoviePlayer (248)
[2020.04.12-06.17.23:347][332]LogModuleManager: Shutting down and abandoning module WebMMoviePlayer (246)
[2020.04.12-06.17.23:362][332]LogModuleManager: Shutting down and abandoning module NetworkReplayStreaming (244)
[2020.04.12-06.17.23:362][332]LogModuleManager: Shutting down and abandoning module PacketHandler (242)
[2020.04.12-06.17.23:362][332]LogModuleManager: Shutting down and abandoning module ClothingSystemEditor (240)
[2020.04.12-06.17.23:362][332]LogModuleManager: Shutting down and abandoning module ClothingSystemRuntime (238)
[2020.04.12-06.17.23:369][332]LogModuleManager: Shutting down and abandoning module MediaAssets (236)
[2020.04.12-06.17.23:369][332]LogModuleManager: Shutting down and abandoning module Overlay (234)
[2020.04.12-06.17.23:369][332]LogModuleManager: Shutting down and abandoning module OverlayEditor (233)
[2020.04.12-06.17.23:369][332]LogModuleManager: Shutting down and abandoning module VREditor (230)
[2020.04.12-06.17.23:383][332]LogModuleManager: Shutting down and abandoning module StringTableEditor (228)
[2020.04.12-06.17.23:399][332]LogModuleManager: Shutting down and abandoning module GameplayTasksEditor (226)
[2020.04.12-06.17.23:399][332]LogModuleManager: Shutting down and abandoning module BehaviorTreeEditor (224)
[2020.04.12-06.17.23:399][332]LogModuleManager: Shutting down and abandoning module FunctionalTesting (222)
[2020.04.12-06.17.23:402][332]LogModuleManager: Shutting down and abandoning module CollisionAnalyzer (220)
[2020.04.12-06.17.23:418][332]LogModuleManager: Shutting down and abandoning module WorkspaceMenuStructure (219)
[2020.04.12-06.17.23:422][332]LogModuleManager: Shutting down and abandoning module UMG (216)
[2020.04.12-06.17.23:436][332]LogModuleManager: Shutting down and abandoning module UMGEditor (215)
[2020.04.12-06.17.23:457][332]LogModuleManager: Shutting down and abandoning module Sequencer (214)
[2020.04.12-06.17.23:531][332]LogModuleManager: Shutting down and abandoning module MessageLog (211)
[2020.04.12-06.17.23:532][332]LogModuleManager: Shutting down and abandoning module SlateReflector (206)
[2020.04.12-06.17.23:563][332]LogModuleManager: Shutting down and abandoning module Slate (204)
[2020.04.12-06.17.23:563][332]LogModuleManager: Shutting down and abandoning module LandscapeEditorUtilities (202)
[2020.04.12-06.17.23:563][332]LogModuleManager: Shutting down and abandoning module EditorStyle (200)
[2020.04.12-06.17.23:564][332]LogModuleManager: Shutting down and abandoning module UnrealEd (198)
[2020.04.12-06.17.23:565][332]LogModuleManager: Shutting down and abandoning module MRMesh (196)
[2020.04.12-06.17.23:565][332]LogModuleManager: Shutting down and abandoning module SourceCodeAccess (194)
[2020.04.12-06.17.23:565][332]LogModuleManager: Shutting down and abandoning module HeadMountedDisplay (192)
[2020.04.12-06.17.23:565][332]LogModuleManager: Shutting down and abandoning module XAudio2 (190)
[2020.04.12-06.17.23:565][332]LogModuleManager: Shutting down and abandoning module Networking (188)
[2020.04.12-06.17.23:565][332]LogModuleManager: Shutting down and abandoning module Core (186)
[2020.04.12-06.17.23:565][332]LogModuleManager: Shutting down and abandoning module KismetCompiler (184)
[2020.04.12-06.17.23:565][332]LogModuleManager: Shutting down and abandoning module MeshUtilities (182)
[2020.04.12-06.17.23:565][332]LogModuleManager: Shutting down and abandoning module MeshMergeUtilities (181)
[2020.04.12-06.17.23:577][332]LogModuleManager: Shutting down and abandoning module MeshReductionInterface (180)
[2020.04.12-06.17.23:577][332]LogModuleManager: Shutting down and abandoning module SkeletalMeshReduction (179)
[2020.04.12-06.17.23:592][332]LogModuleManager: Shutting down and abandoning module ProxyLODMeshReduction (177)
[2020.04.12-06.17.23:610][332]LogModuleManager: Shutting down and abandoning module QuadricMeshReduction (175)
[2020.04.12-06.17.23:616][332]LogModuleManager: Shutting down and abandoning module MaterialBaking (171)
[2020.04.12-06.17.23:617][332]LogModuleManager: Shutting down and abandoning module NullInstallBundleManager (166)
[2020.04.12-06.17.23:617][332]LogModuleManager: Shutting down and abandoning module DerivedDataCache (164)
[2020.04.12-06.17.23:649][332]LogDerivedDataCache: Shutdown
[2020.04.12-06.17.23:649][332]LogModuleManager: Shutting down and abandoning module XGEController (162)
[2020.04.12-06.17.23:661][332]LogModuleManager: Shutting down and abandoning module TargetPlatform (160)
[2020.04.12-06.17.23:672][332]LogModuleManager: Shutting down and abandoning module VulkanShaderFormat (159)
[2020.04.12-06.17.23:682][332]LogModuleManager: Shutting down and abandoning module ShaderFormatVectorVM (157)
[2020.04.12-06.17.23:687][332]LogModuleManager: Shutting down and abandoning module ShaderFormatOpenGL (155)
[2020.04.12-06.17.23:701][332]LogModuleManager: Shutting down and abandoning module ShaderFormatD3D (153)
[2020.04.12-06.17.23:710][332]LogModuleManager: Shutting down and abandoning module MetalShaderFormat (151)
[2020.04.12-06.17.23:747][332]LogModuleManager: Shutting down and abandoning module TextureFormatUncompressed (149)
[2020.04.12-06.17.23:747][332]LogModuleManager: Shutting down and abandoning module TextureFormatPVR (147)
[2020.04.12-06.17.23:747][332]LogModuleManager: Shutting down and abandoning module TextureFormatDXT (145)
[2020.04.12-06.17.23:747][332]LogModuleManager: Shutting down and abandoning module TextureFormatIntelISPCTexComp (143)
[2020.04.12-06.17.23:753][332]LogModuleManager: Shutting down and abandoning module TextureFormatASTC (141)
[2020.04.12-06.17.23:753][332]LogModuleManager: Shutting down and abandoning module ImageWrapper (140)
[2020.04.12-06.17.23:753][332]LogModuleManager: Shutting down and abandoning module TextureFormatAndroid (137)
[2020.04.12-06.17.23:753][332]LogModuleManager: Shutting down and abandoning module AudioFormatOpus (135)
[2020.04.12-06.17.23:761][332]LogModuleManager: Shutting down and abandoning module AudioFormatOgg (133)
[2020.04.12-06.17.23:761][332]LogModuleManager: Shutting down and abandoning module AudioFormatADPCM (131)
[2020.04.12-06.17.23:761][332]LogModuleManager: Shutting down and abandoning module LuminTargetPlatform (129)
[2020.04.12-06.17.23:772][332]LogModuleManager: Shutting down and abandoning module LinuxTargetPlatform (127)
[2020.04.12-06.17.23:772][332]LogModuleManager: Shutting down and abandoning module LinuxServerTargetPlatform (125)
[2020.04.12-06.17.23:784][332]LogModuleManager: Shutting down and abandoning module LinuxNoEditorTargetPlatform (123)
[2020.04.12-06.17.23:795][332]LogModuleManager: Shutting down and abandoning module LinuxClientTargetPlatform (121)
[2020.04.12-06.17.23:804][332]LogModuleManager: Shutting down and abandoning module TVOSTargetPlatform (119)
[2020.04.12-06.17.23:805][332]LogModuleManager: Shutting down and abandoning module Messaging (117)
[2020.04.12-06.17.23:805][332]LogModuleManager: Shutting down and abandoning module IOSTargetPlatform (115)
[2020.04.12-06.17.23:806][332]LogModuleManager: Shutting down and abandoning module HTML5TargetPlatform (113)
[2020.04.12-06.17.23:806][332]LogModuleManager: Shutting down and abandoning module AndroidTargetPlatform (111)
[2020.04.12-06.17.23:816][332]LogModuleManager: Shutting down and abandoning module WindowsTargetPlatform (109)
[2020.04.12-06.17.23:816][332]LogModuleManager: Shutting down and abandoning module WindowsServerTargetPlatform (107)
[2020.04.12-06.17.23:816][332]LogModuleManager: Shutting down and abandoning module WindowsNoEditorTargetPlatform (105)
[2020.04.12-06.17.23:816][332]LogModuleManager: Shutting down and abandoning module WindowsClientTargetPlatform (103)
[2020.04.12-06.17.23:816][332]LogModuleManager: Shutting down and abandoning module MacTargetPlatform (101)
[2020.04.12-06.17.23:816][332]LogModuleManager: Shutting down and abandoning module MacServerTargetPlatform (99)
[2020.04.12-06.17.23:816][332]LogModuleManager: Shutting down and abandoning module MacNoEditorTargetPlatform (97)
[2020.04.12-06.17.23:816][332]LogModuleManager: Shutting down and abandoning module MacClientTargetPlatform (95)
[2020.04.12-06.17.23:817][332]LogModuleManager: Shutting down and abandoning module AllDesktopTargetPlatform (93)
[2020.04.12-06.17.23:817][332]LogModuleManager: Shutting down and abandoning module InputCore (90)
[2020.04.12-06.17.23:817][332]LogModuleManager: Shutting down and abandoning module Settings (88)
[2020.04.12-06.17.23:817][332]LogModuleManager: Shutting down and abandoning module DirectoryWatcher (86)
[2020.04.12-06.17.23:817][332]LogModuleManager: Shutting down and abandoning module PhysXCooking (84)
[2020.04.12-06.17.23:817][332]LogModuleManager: Shutting down and abandoning module WindowsPlatformFeatures (82)
[2020.04.12-06.17.23:817][332]LogModuleManager: Shutting down and abandoning module GameplayMediaEncoder (81)
[2020.04.12-06.17.23:830][332]LogModuleManager: Shutting down and abandoning module SteamVR (78)
[2020.04.12-06.17.23:835][332]LogHMD: Freeing OpenVRDLLHandle.
[2020.04.12-06.17.23:835][332]LogModuleManager: Shutting down and abandoning module OculusHMD (76)
[2020.04.12-06.17.23:844][332]LogModuleManager: Shutting down and abandoning module ExampleDeviceProfileSelector (74)
[2020.04.12-06.17.23:844][332]LogModuleManager: Shutting down and abandoning module LauncherChunkInstaller (72)
[2020.04.12-06.17.23:844][332]LogModuleManager: Shutting down and abandoning module OnlineBlueprintSupport (70)
[2020.04.12-06.17.23:844][332]LogModuleManager: Shutting down and abandoning module OnlineSubsystem (66)
[2020.04.12-06.17.23:852][332]LogModuleManager: Shutting down and abandoning module XMPP (61)
[2020.04.12-06.17.23:865][332]LogModuleManager: Shutting down and abandoning module WebSockets (60)
[2020.04.12-06.17.23:928][332]LogModuleManager: Shutting down and abandoning module HTTP (57)
[2020.04.12-06.17.23:928][332]LogHttp: Display: Http module shutting down, but needs to wait on 1 outstanding Http requests:
[2020.04.12-06.17.23:928][332]LogHttp: Display: 	verb=[POST] url=[https://datarouter.ol.epicgames.com/datarouter/api/v1/public/data?SessionID=%7B07E44DAF-4B7B-0EC2-6058-1CB9E3257797%7D&AppID=UEEditor.Rocket.Release&AppVersion=4.23.1-9631420%2B%2B%2BUE4%2BRelease-4.23&UserID=01eb7cea452b4c7b2b41cbb1ec10d698%7C944867e13b9f4ddabf16e39d24cde4ca%7C10303b75-405c-4f62-953f-4fc6b2e671f2&AppEnvironment=datacollector-binary&UploadType=eteventstream] status=Processing
[2020.04.12-06.17.23:939][332]LogModuleManager: Shutting down and abandoning module SSL (56)
[2020.04.12-06.17.23:954][332]LogModuleManager: Shutting down and abandoning module WmfMedia (52)
[2020.04.12-06.17.24:010][332]LogModuleManager: Shutting down and abandoning module Media (51)
[2020.04.12-06.17.24:011][332]LogModuleManager: Shutting down and abandoning module MagicLeap (48)
[2020.04.12-06.17.24:012][332]LogModuleManager: Shutting down and abandoning module DatasmithContent (46)
[2020.04.12-06.17.24:013][332]LogModuleManager: Shutting down and abandoning module AISupportModule (44)
[2020.04.12-06.17.24:013][332]LogModuleManager: Shutting down and abandoning module PlatformCryptoOpenSSL (42)
[2020.04.12-06.17.24:023][332]LogModuleManager: Shutting down and abandoning module PlatformCrypto (40)
[2020.04.12-06.17.24:023][332]LogModuleManager: Shutting down and abandoning module AnimationModifiers (38)
[2020.04.12-06.17.24:032][332]LogModuleManager: Shutting down and abandoning module PropertyEditor (37)
[2020.04.12-06.17.24:032][332]LogModuleManager: Shutting down and abandoning module AudioEditor (34)
[2020.04.12-06.17.24:053][332]LogModuleManager: Shutting down and abandoning module TextureCompressor (32)
[2020.04.12-06.17.24:054][332]LogModuleManager: Shutting down and abandoning module RenderCore (30)
[2020.04.12-06.17.24:054][332]LogModuleManager: Shutting down and abandoning module Landscape (28)
[2020.04.12-06.17.24:054][332]LogModuleManager: Shutting down and abandoning module SlateRHIRenderer (26)
[2020.04.12-06.17.24:066][332]LogModuleManager: Shutting down and abandoning module OpenGLDrv (24)
[2020.04.12-06.17.24:078][332]LogModuleManager: Shutting down and abandoning module D3D11RHI (22)
[2020.04.12-06.17.24:079][332]LogModuleManager: Shutting down and abandoning module AnimGraphRuntime (20)
[2020.04.12-06.17.24:089][332]LogModuleManager: Shutting down and abandoning module Renderer (18)
[2020.04.12-06.17.24:089][332]LogModuleManager: Shutting down and abandoning module Engine (16)
[2020.04.12-06.17.24:089][332]LogModuleManager: Shutting down and abandoning module CoreUObject (14)
[2020.04.12-06.17.24:089][332]LogModuleManager: Shutting down and abandoning module NetworkFile (12)
[2020.04.12-06.17.24:098][332]LogModuleManager: Shutting down and abandoning module CookedIterativeFile (10)
[2020.04.12-06.17.24:098][332]LogModuleManager: Shutting down and abandoning module StreamingFile (8)
[2020.04.12-06.17.24:104][332]LogModuleManager: Shutting down and abandoning module SandboxFile (6)
[2020.04.12-06.17.24:104][332]LogModuleManager: Shutting down and abandoning module PakFile (4)
[2020.04.12-06.17.24:114][332]LogModuleManager: Shutting down and abandoning module RSA (3)
[2020.04.12-06.17.24:126][332]LogD3D11RHI: Shutdown
[2020.04.12-06.17.24:126][332]LogD3D11RHI: CleanupD3DDevice
[2020.04.12-06.17.24:163][332]LogRendererCore: FGlobalDynamicReadBuffer::Cleanup()
[2020.04.12-06.17.24:168][332]LogRendererCore: FGlobalDynamicReadBuffer::Cleanup()
[2020.04.12-06.17.24:168][332]LogRendererCore: FGlobalDynamicReadBuffer::Cleanup()
[2020.04.12-06.17.24:624][332]LogD3D11RHI: ~FD3D11DynamicRHI
[2020.04.12-06.17.24:724][332]LogExit: Exiting.
[2020.04.12-06.17.24:779][332]Log file closed, 04/12/20 02:17:24
